[debug] [2025-12-19T09:48:05.706Z] ----------------------------------------------------------------------
[debug] [2025-12-19T09:48:05.715Z] Command:       C:\Program Files\nodejs\node.exe C:\Users\olatunbosuni\AppData\Roaming\npm\node_modules\firebase-tools\lib\bin\firebase.js deploy --only functions --debug
[debug] [2025-12-19T09:48:05.715Z] CLI Version:   15.0.0
[debug] [2025-12-19T09:48:05.716Z] Platform:      win32
[debug] [2025-12-19T09:48:05.716Z] Node Version:  v22.13.0
[debug] [2025-12-19T09:48:05.716Z] Time:          Fri Dec 19 2025 10:48:05 GMT+0100 (West Africa Standard Time)
[debug] [2025-12-19T09:48:05.716Z] ----------------------------------------------------------------------
[debug] 
[debug] [2025-12-19T09:48:08.300Z] > command requires scopes: ["email","openid","https://www.googleapis.com/auth/cloudplatformprojects.readonly","https://www.googleapis.com/auth/firebase","https://www.googleapis.com/auth/cloud-platform"]
[debug] [2025-12-19T09:48:08.300Z] > authorizing via signed-in user (bluehydra001@gmail.com)
[debug] [2025-12-19T09:48:08.301Z] [iam] checking project panda-talent-marketplace for permissions ["cloudfunctions.functions.create","cloudfunctions.functions.delete","cloudfunctions.functions.get","cloudfunctions.functions.list","cloudfunctions.functions.update","cloudfunctions.operations.get","firebase.projects.get"]
[debug] [2025-12-19T09:48:08.304Z] Checked if tokens are valid: true, expires at: 1766141201806
[debug] [2025-12-19T09:48:08.304Z] Checked if tokens are valid: true, expires at: 1766141201806
[debug] [2025-12-19T09:48:08.306Z] >>> [apiv2][query] POST https://cloudresourcemanager.googleapis.com/v1/projects/panda-talent-marketplace:testIamPermissions [none]
[debug] [2025-12-19T09:48:08.307Z] >>> [apiv2][(partial)header] POST https://cloudresourcemanager.googleapis.com/v1/projects/panda-talent-marketplace:testIamPermissions x-goog-quota-user=projects/panda-talent-marketplace
[debug] [2025-12-19T09:48:08.307Z] >>> [apiv2][body] POST https://cloudresourcemanager.googleapis.com/v1/projects/panda-talent-marketplace:testIamPermissions {"permissions":["cloudfunctions.functions.create","cloudfunctions.functions.delete","cloudfunctions.functions.get","cloudfunctions.functions.list","cloudfunctions.functions.update","cloudfunctions.operations.get","firebase.projects.get"]}
[debug] [2025-12-19T09:48:09.338Z] <<< [apiv2][status] POST https://cloudresourcemanager.googleapis.com/v1/projects/panda-talent-marketplace:testIamPermissions 200
[debug] [2025-12-19T09:48:09.339Z] <<< [apiv2][body] POST https://cloudresourcemanager.googleapis.com/v1/projects/panda-talent-marketplace:testIamPermissions {"permissions":["cloudfunctions.functions.create","cloudfunctions.functions.delete","cloudfunctions.functions.get","cloudfunctions.functions.list","cloudfunctions.functions.update","cloudfunctions.operations.get","firebase.projects.get"]}
[debug] [2025-12-19T09:48:09.340Z] Checked if tokens are valid: true, expires at: 1766141201806
[debug] [2025-12-19T09:48:09.340Z] Checked if tokens are valid: true, expires at: 1766141201806
[debug] [2025-12-19T09:48:09.340Z] >>> [apiv2][query] POST https://iam.googleapis.com/v1/projects/panda-talent-marketplace/serviceAccounts/panda-talent-marketplace@appspot.gserviceaccount.com:testIamPermissions [none]
[debug] [2025-12-19T09:48:09.341Z] >>> [apiv2][body] POST https://iam.googleapis.com/v1/projects/panda-talent-marketplace/serviceAccounts/panda-talent-marketplace@appspot.gserviceaccount.com:testIamPermissions {"permissions":["iam.serviceAccounts.actAs"]}
[debug] [2025-12-19T09:48:13.405Z] <<< [apiv2][status] POST https://iam.googleapis.com/v1/projects/panda-talent-marketplace/serviceAccounts/panda-talent-marketplace@appspot.gserviceaccount.com:testIamPermissions 200
[debug] [2025-12-19T09:48:13.405Z] <<< [apiv2][body] POST https://iam.googleapis.com/v1/projects/panda-talent-marketplace/serviceAccounts/panda-talent-marketplace@appspot.gserviceaccount.com:testIamPermissions {"permissions":["iam.serviceAccounts.actAs"]}
[info] 
[info] === Deploying to 'panda-talent-marketplace'...
[info] 
[info] i  deploying functions 
[debug] [2025-12-19T09:48:13.413Z] Checked if tokens are valid: true, expires at: 1766141201806
[debug] [2025-12-19T09:48:13.414Z] Checked if tokens are valid: true, expires at: 1766141201806
[debug] [2025-12-19T09:48:13.414Z] >>> [apiv2][query] GET https://cloudresourcemanager.googleapis.com/v1/projects/panda-talent-marketplace [none]
[debug] [2025-12-19T09:48:13.787Z] <<< [apiv2][status] GET https://cloudresourcemanager.googleapis.com/v1/projects/panda-talent-marketplace 200
[debug] [2025-12-19T09:48:13.788Z] <<< [apiv2][body] GET https://cloudresourcemanager.googleapis.com/v1/projects/panda-talent-marketplace {"projectNumber":"650077618856","projectId":"panda-talent-marketplace","lifecycleState":"ACTIVE","name":"panda-talent-marketplace","labels":{"firebase":"enabled","firebase-core":"disabled"},"createTime":"2025-12-15T22:03:31.882278Z"}
[info] i  functions: preparing codebase default for deployment 
[info] i  functions: ensuring required API cloudfunctions.googleapis.com is enabled... 
[info] i  functions: ensuring required API cloudbuild.googleapis.com is enabled... 
[info] i  artifactregistry: ensuring required API artifactregistry.googleapis.com is enabled... 
[debug] [2025-12-19T09:48:13.797Z] Checked if tokens are valid: true, expires at: 1766141201806
[debug] [2025-12-19T09:48:13.798Z] Checked if tokens are valid: true, expires at: 1766141201806
[debug] [2025-12-19T09:48:13.798Z] >>> [apiv2][query] GET https://firebase.googleapis.com/v1beta1/projects/panda-talent-marketplace/adminSdkConfig [none]
[debug] [2025-12-19T09:48:14.640Z] <<< [apiv2][status] GET https://firebase.googleapis.com/v1beta1/projects/panda-talent-marketplace/adminSdkConfig 200
[debug] [2025-12-19T09:48:14.641Z] <<< [apiv2][body] GET https://firebase.googleapis.com/v1beta1/projects/panda-talent-marketplace/adminSdkConfig {"projectId":"panda-talent-marketplace","storageBucket":"panda-talent-marketplace.firebasestorage.app"}
[debug] [2025-12-19T09:48:14.643Z] Validating nodejs source
[debug] [2025-12-19T09:48:17.054Z] > [functions] package.json contents: {
  "name": "functions",
  "description": "Cloud Functions for Firebase",
  "scripts": {
    "serve": "firebase emulators:start --only functions",
    "shell": "firebase functions:shell",
    "start": "npm run shell",
    "deploy": "firebase deploy --only functions",
    "logs": "firebase functions:log"
  },
  "engines": {
    "node": "22"
  },
  "main": "index.js",
  "dependencies": {
    "firebase-admin": "^13.6.0",
    "firebase-functions": "^7.0.2"
  },
  "devDependencies": {
    "firebase-functions-test": "^3.4.1"
  },
  "private": true
}
[debug] [2025-12-19T09:48:17.055Z] Building nodejs source
[info] i  functions: Loading and analyzing source code for codebase default to determine what to deploy 
[debug] [2025-12-19T09:48:17.056Z] Could not find functions.yaml. Must use http discovery
[debug] [2025-12-19T09:48:17.065Z] Found firebase-functions binary at 'C:\react\prada-talent\functions\node_modules\.bin\firebase-functions'
[info] Serving at port 8851

[error] (node:3692) [DEP0040] DeprecationWarning: The `punycode` module is deprecated. Please use a userland alternative instead.
(Use `node --trace-deprecation ...` to show where the warning was created)

[debug] [2025-12-19T09:48:18.535Z] Got response from /__/functions.yaml {"endpoints":{"processSignUp":{"platform":"gcfv1","availableMemoryMb":null,"timeoutSeconds":null,"minInstances":null,"maxInstances":null,"ingressSettings":null,"serviceAccountEmail":null,"vpc":null,"eventTrigger":{"eventType":"providers/firebase.auth/eventTypes/user.create","eventFilters":{"resource":"projects/panda-talent-marketplace"},"retry":false},"labels":{},"entryPoint":"processSignUp"},"finalizeSignup":{"platform":"gcfv1","labels":{},"availableMemoryMb":null,"timeoutSeconds":null,"minInstances":null,"maxInstances":null,"ingressSettings":null,"serviceAccountEmail":null,"vpc":null,"callableTrigger":{},"entryPoint":"finalizeSignup"}},"specVersion":"v1alpha1","requiredAPIs":[],"extensions":{}}
[info] i  extensions: ensuring required API firebaseextensions.googleapis.com is enabled... 
[debug] [2025-12-19T09:48:22.583Z] > command requires scopes: ["email","openid","https://www.googleapis.com/auth/cloudplatformprojects.readonly","https://www.googleapis.com/auth/firebase","https://www.googleapis.com/auth/cloud-platform"]
[debug] [2025-12-19T09:48:22.584Z] > authorizing via signed-in user (bluehydra001@gmail.com)
[debug] [2025-12-19T09:48:22.584Z] [iam] checking project panda-talent-marketplace for permissions ["firebase.projects.get","firebaseextensions.instances.list"]
[debug] [2025-12-19T09:48:22.585Z] Checked if tokens are valid: true, expires at: 1766141201806
[debug] [2025-12-19T09:48:22.585Z] Checked if tokens are valid: true, expires at: 1766141201806
[debug] [2025-12-19T09:48:22.585Z] >>> [apiv2][query] POST https://cloudresourcemanager.googleapis.com/v1/projects/panda-talent-marketplace:testIamPermissions [none]
[debug] [2025-12-19T09:48:22.585Z] >>> [apiv2][(partial)header] POST https://cloudresourcemanager.googleapis.com/v1/projects/panda-talent-marketplace:testIamPermissions x-goog-quota-user=projects/panda-talent-marketplace
[debug] [2025-12-19T09:48:22.586Z] >>> [apiv2][body] POST https://cloudresourcemanager.googleapis.com/v1/projects/panda-talent-marketplace:testIamPermissions {"permissions":["firebase.projects.get","firebaseextensions.instances.list"]}
[debug] [2025-12-19T09:48:23.793Z] <<< [apiv2][status] POST https://cloudresourcemanager.googleapis.com/v1/projects/panda-talent-marketplace:testIamPermissions 200
[debug] [2025-12-19T09:48:23.794Z] <<< [apiv2][body] POST https://cloudresourcemanager.googleapis.com/v1/projects/panda-talent-marketplace:testIamPermissions {"permissions":["firebase.projects.get","firebaseextensions.instances.list"]}
[debug] [2025-12-19T09:48:23.795Z] Checked if tokens are valid: true, expires at: 1766141201806
[debug] [2025-12-19T09:48:23.795Z] Checked if tokens are valid: true, expires at: 1766141201806
[debug] [2025-12-19T09:48:23.796Z] >>> [apiv2][query] GET https://firebaseextensions.googleapis.com/v1beta/projects/panda-talent-marketplace/instances pageSize=100&pageToken=
[debug] [2025-12-19T09:48:24.945Z] <<< [apiv2][status] GET https://firebaseextensions.googleapis.com/v1beta/projects/panda-talent-marketplace/instances 200
[debug] [2025-12-19T09:48:24.945Z] <<< [apiv2][body] GET https://firebaseextensions.googleapis.com/v1beta/projects/panda-talent-marketplace/instances {}
[info] i  functions: preparing functions directory for uploading... 
[info] i  functions: packaged C:\react\prada-talent\functions (67.44 KB) for uploading 
[debug] [2025-12-19T09:48:25.000Z] Checked if tokens are valid: true, expires at: 1766141201806
[debug] [2025-12-19T09:48:25.000Z] Checked if tokens are valid: true, expires at: 1766141201806
[debug] [2025-12-19T09:48:25.000Z] >>> [apiv2][query] GET https://cloudfunctions.googleapis.com/v1/projects/panda-talent-marketplace/locations/-/functions [none]
[debug] [2025-12-19T09:48:26.018Z] <<< [apiv2][status] GET https://cloudfunctions.googleapis.com/v1/projects/panda-talent-marketplace/locations/-/functions 200
[debug] [2025-12-19T09:48:26.019Z] <<< [apiv2][body] GET https://cloudfunctions.googleapis.com/v1/projects/panda-talent-marketplace/locations/-/functions {}
[debug] [2025-12-19T09:48:26.020Z] Checked if tokens are valid: true, expires at: 1766141201806
[debug] [2025-12-19T09:48:26.020Z] Checked if tokens are valid: true, expires at: 1766141201806
[debug] [2025-12-19T09:48:26.021Z] >>> [apiv2][query] GET https://cloudfunctions.googleapis.com/v2/projects/panda-talent-marketplace/locations/-/functions filter=environment%3D%22GEN_2%22
[debug] [2025-12-19T09:48:27.114Z] <<< [apiv2][status] GET https://cloudfunctions.googleapis.com/v2/projects/panda-talent-marketplace/locations/-/functions 200
[debug] [2025-12-19T09:48:27.115Z] <<< [apiv2][body] GET https://cloudfunctions.googleapis.com/v2/projects/panda-talent-marketplace/locations/-/functions {}
[debug] [2025-12-19T09:48:27.122Z] Checked if tokens are valid: true, expires at: 1766141201806
[debug] [2025-12-19T09:48:27.123Z] Checked if tokens are valid: true, expires at: 1766141201806
[debug] [2025-12-19T09:48:27.123Z] >>> [apiv2][query] GET https://cloudresourcemanager.googleapis.com/v1/projects/panda-talent-marketplace [none]
[debug] [2025-12-19T09:48:27.464Z] <<< [apiv2][status] GET https://cloudresourcemanager.googleapis.com/v1/projects/panda-talent-marketplace 200
[debug] [2025-12-19T09:48:27.464Z] <<< [apiv2][body] GET https://cloudresourcemanager.googleapis.com/v1/projects/panda-talent-marketplace {"projectNumber":"650077618856","projectId":"panda-talent-marketplace","lifecycleState":"ACTIVE","name":"panda-talent-marketplace","labels":{"firebase":"enabled","firebase-core":"disabled"},"createTime":"2025-12-15T22:03:31.882278Z"}
[debug] [2025-12-19T09:48:27.466Z] Checked if tokens are valid: true, expires at: 1766141201806
[debug] [2025-12-19T09:48:27.466Z] Checked if tokens are valid: true, expires at: 1766141201806
[debug] [2025-12-19T09:48:27.466Z] >>> [apiv2][query] GET https://cloudbilling.googleapis.com/v1/projects/panda-talent-marketplace/billingInfo [none]
[debug] [2025-12-19T09:48:28.493Z] <<< [apiv2][status] GET https://cloudbilling.googleapis.com/v1/projects/panda-talent-marketplace/billingInfo 200
[debug] [2025-12-19T09:48:28.494Z] <<< [apiv2][body] GET https://cloudbilling.googleapis.com/v1/projects/panda-talent-marketplace/billingInfo {"name":"projects/panda-talent-marketplace/billingInfo","projectId":"panda-talent-marketplace","billingAccountName":"billingAccounts/01F56F-4AAA53-84C533","billingEnabled":true}
[debug] [2025-12-19T09:48:28.496Z] Checked if tokens are valid: true, expires at: 1766141201806
[debug] [2025-12-19T09:48:28.496Z] Checked if tokens are valid: true, expires at: 1766141201806
[debug] [2025-12-19T09:48:28.497Z] >>> [apiv2][query] POST https://cloudfunctions.googleapis.com/v1/projects/panda-talent-marketplace/locations/us-central1/functions:generateUploadUrl [none]
[debug] [2025-12-19T09:48:28.497Z] >>> [apiv2][body] POST https://cloudfunctions.googleapis.com/v1/projects/panda-talent-marketplace/locations/us-central1/functions:generateUploadUrl {}
[debug] [2025-12-19T09:48:29.125Z] <<< [apiv2][status] POST https://cloudfunctions.googleapis.com/v1/projects/panda-talent-marketplace/locations/us-central1/functions:generateUploadUrl 200
[debug] [2025-12-19T09:48:29.125Z] <<< [apiv2][body] POST https://cloudfunctions.googleapis.com/v1/projects/panda-talent-marketplace/locations/us-central1/functions:generateUploadUrl {"uploadUrl":"https://storage.googleapis.com/uploads-77412868218.us-central1.cloudfunctions.appspot.com/a7af4da7-6dbd-42c6-b3d4-54432835c74d.zip?GoogleAccessId=service-650077618856@gcf-admin-robot.iam.gserviceaccount.com&Expires=1766139509&Signature=gUgForbnNllay%2Bbo3jslvUapSmbuGcKoxleMJKppzFjMiAmj5W1tYUIyNLHuPtZzISaHLJA2pEqLnPKNG%2FrG5SyiRCAuxrDQuHJRk8W0tygHW7Jf%2FQMgd2FTLBKTZwJbI8DBncXnapnD6OGwRtftMvxJkM1lai28iWR4XX9iXciWItkahre%2FMQQm0s641L3pNwhOOlj8sGiOxCvYqdtwPMPZWbxAwcyJyr34ADyWHuvpMYha3WSeNg%2B4Gq3Ic5%2BQVQ%2BpCD2Db3%2BOSnqgv%2BmlD%2BHWlj9tU51ldw62%2BtQYOvTPwzqVaBKGZkLBQlk2CsM7r1dONgxBmgXa25UaFEBgGg%3D%3D"}
[debug] [2025-12-19T09:48:29.127Z] >>> [apiv2][query] PUT https://storage.googleapis.com/uploads-77412868218.us-central1.cloudfunctions.appspot.com/a7af4da7-6dbd-42c6-b3d4-54432835c74d.zip GoogleAccessId=service-650077618856%40gcf-admin-robot.iam.gserviceaccount.com&Expires=1766139509&Signature=gUgForbnNllay%2Bbo3jslvUapSmbuGcKoxleMJKppzFjMiAmj5W1tYUIyNLHuPtZzISaHLJA2pEqLnPKNG%2FrG5SyiRCAuxrDQuHJRk8W0tygHW7Jf%2FQMgd2FTLBKTZwJbI8DBncXnapnD6OGwRtftMvxJkM1lai28iWR4XX9iXciWItkahre%2FMQQm0s641L3pNwhOOlj8sGiOxCvYqdtwPMPZWbxAwcyJyr34ADyWHuvpMYha3WSeNg%2B4Gq3Ic5%2BQVQ%2BpCD2Db3%2BOSnqgv%2BmlD%2BHWlj9tU51ldw62%2BtQYOvTPwzqVaBKGZkLBQlk2CsM7r1dONgxBmgXa25UaFEBgGg%3D%3D
[debug] [2025-12-19T09:48:29.128Z] >>> [apiv2][body] PUT https://storage.googleapis.com/uploads-77412868218.us-central1.cloudfunctions.appspot.com/a7af4da7-6dbd-42c6-b3d4-54432835c74d.zip [stream]
[debug] [2025-12-19T09:48:30.128Z] <<< [apiv2][status] PUT https://storage.googleapis.com/uploads-77412868218.us-central1.cloudfunctions.appspot.com/a7af4da7-6dbd-42c6-b3d4-54432835c74d.zip 200
[debug] [2025-12-19T09:48:30.129Z] <<< [apiv2][body] PUT https://storage.googleapis.com/uploads-77412868218.us-central1.cloudfunctions.appspot.com/a7af4da7-6dbd-42c6-b3d4-54432835c74d.zip [omitted]
[info] +  functions: functions source uploaded successfully 
[info] i  functions: creating Node.js 22 (1st Gen) function processSignUp(us-central1)... 
[info] i  functions: creating Node.js 22 (1st Gen) function finalizeSignup(us-central1)... 
[debug] [2025-12-19T09:48:30.138Z] Checked if tokens are valid: true, expires at: 1766141201806
[debug] [2025-12-19T09:48:30.139Z] Checked if tokens are valid: true, expires at: 1766141201806
[debug] [2025-12-19T09:48:30.139Z] >>> [apiv2][query] POST https://cloudfunctions.googleapis.com/v1/projects/panda-talent-marketplace/locations/us-central1/functions [none]
[debug] [2025-12-19T09:48:30.140Z] >>> [apiv2][body] POST https://cloudfunctions.googleapis.com/v1/projects/panda-talent-marketplace/locations/us-central1/functions {"name":"projects/panda-talent-marketplace/locations/us-central1/functions/processSignUp","sourceUploadUrl":"https://storage.googleapis.com/uploads-77412868218.us-central1.cloudfunctions.appspot.com/a7af4da7-6dbd-42c6-b3d4-54432835c74d.zip?GoogleAccessId=service-650077618856@gcf-admin-robot.iam.gserviceaccount.com&Expires=1766139509&Signature=gUgForbnNllay%2Bbo3jslvUapSmbuGcKoxleMJKppzFjMiAmj5W1tYUIyNLHuPtZzISaHLJA2pEqLnPKNG%2FrG5SyiRCAuxrDQuHJRk8W0tygHW7Jf%2FQMgd2FTLBKTZwJbI8DBncXnapnD6OGwRtftMvxJkM1lai28iWR4XX9iXciWItkahre%2FMQQm0s641L3pNwhOOlj8sGiOxCvYqdtwPMPZWbxAwcyJyr34ADyWHuvpMYha3WSeNg%2B4Gq3Ic5%2BQVQ%2BpCD2Db3%2BOSnqgv%2BmlD%2BHWlj9tU51ldw62%2BtQYOvTPwzqVaBKGZkLBQlk2CsM7r1dONgxBmgXa25UaFEBgGg%3D%3D","entryPoint":"processSignUp","runtime":"nodejs22","dockerRegistry":"ARTIFACT_REGISTRY","labels":{"deployment-tool":"cli-firebase","firebase-functions-hash":"84864cd7b62f3eef430988455473344df9acc23d"},"eventTrigger":{"eventType":"providers/firebase.auth/eventTypes/user.create","resource":"projects/panda-talent-marketplace"},"minInstances":null,"maxInstances":null,"ingressSettings":null,"environmentVariables":{"FIREBASE_CONFIG":"{\"projectId\":\"panda-talent-marketplace\",\"storageBucket\":\"panda-talent-marketplace.firebasestorage.app\"}","GCLOUD_PROJECT":"panda-talent-marketplace","EVENTARC_CLOUD_EVENT_SOURCE":"projects/panda-talent-marketplace/locations/us-central1/functions/processSignUp"},"serviceAccountEmail":null,"availableMemoryMb":null,"timeout":null,"vpcConnector":null,"vpcConnectorEgressSettings":null,"buildEnvironmentVariables":{"GOOGLE_NODE_RUN_SCRIPTS":""}}
[debug] [2025-12-19T09:48:30.945Z] <<< [apiv2][status] POST https://cloudfunctions.googleapis.com/v1/projects/panda-talent-marketplace/locations/us-central1/functions 200
[debug] [2025-12-19T09:48:30.945Z] <<< [apiv2][body] POST https://cloudfunctions.googleapis.com/v1/projects/panda-talent-marketplace/locations/us-central1/functions {"name":"operations/cHJvamVjdHMvcGFuZGEtdGFsZW50LW1hcmtldHBsYWNlL2xvY2F0aW9ucy91cy1jZW50cmFsMS9vcGVyYXRpb25zL29wZXJhdGlvbi0xNzY2MTM3NzEwNDQyLTY0NjRhZmFkYWY3YmYtMTRiNzg2ZjQtZWJiOTlhM2Y","metadata":{"@type":"type.googleapis.com/google.cloud.functions.v1.OperationMetadataV1","target":"projects/panda-talent-marketplace/locations/us-central1/functions/processSignUp","updateTime":"2025-12-19T09:48:30.861581939Z"}}
[debug] [2025-12-19T09:48:30.947Z] Checked if tokens are valid: true, expires at: 1766141201806
[debug] [2025-12-19T09:48:30.948Z] Checked if tokens are valid: true, expires at: 1766141201806
[debug] [2025-12-19T09:48:30.949Z] >>> [apiv2][query] GET https://cloudfunctions.googleapis.com/v1/operations/cHJvamVjdHMvcGFuZGEtdGFsZW50LW1hcmtldHBsYWNlL2xvY2F0aW9ucy91cy1jZW50cmFsMS9vcGVyYXRpb25zL29wZXJhdGlvbi0xNzY2MTM3NzEwNDQyLTY0NjRhZmFkYWY3YmYtMTRiNzg2ZjQtZWJiOTlhM2Y [none]
[debug] [2025-12-19T09:48:31.269Z] <<< [apiv2][status] GET https://cloudfunctions.googleapis.com/v1/operations/cHJvamVjdHMvcGFuZGEtdGFsZW50LW1hcmtldHBsYWNlL2xvY2F0aW9ucy91cy1jZW50cmFsMS9vcGVyYXRpb25zL29wZXJhdGlvbi0xNzY2MTM3NzEwNDQyLTY0NjRhZmFkYWY3YmYtMTRiNzg2ZjQtZWJiOTlhM2Y 200
[debug] [2025-12-19T09:48:31.270Z] <<< [apiv2][body] GET https://cloudfunctions.googleapis.com/v1/operations/cHJvamVjdHMvcGFuZGEtdGFsZW50LW1hcmtldHBsYWNlL2xvY2F0aW9ucy91cy1jZW50cmFsMS9vcGVyYXRpb25zL29wZXJhdGlvbi0xNzY2MTM3NzEwNDQyLTY0NjRhZmFkYWY3YmYtMTRiNzg2ZjQtZWJiOTlhM2Y {"name":"operations/cHJvamVjdHMvcGFuZGEtdGFsZW50LW1hcmtldHBsYWNlL2xvY2F0aW9ucy91cy1jZW50cmFsMS9vcGVyYXRpb25zL29wZXJhdGlvbi0xNzY2MTM3NzEwNDQyLTY0NjRhZmFkYWY3YmYtMTRiNzg2ZjQtZWJiOTlhM2Y","metadata":{"@type":"type.googleapis.com/google.cloud.functions.v1.OperationMetadataV1","target":"projects/panda-talent-marketplace/locations/us-central1/functions/processSignUp","updateTime":"2025-12-19T09:48:30.861581939Z"}}
[debug] [2025-12-19T09:48:31.778Z] [create-default-us-central1-processSignUp] Retrying task index 0
[debug] [2025-12-19T09:48:31.779Z] Checked if tokens are valid: true, expires at: 1766141201806
[debug] [2025-12-19T09:48:31.780Z] Checked if tokens are valid: true, expires at: 1766141201806
[debug] [2025-12-19T09:48:31.780Z] >>> [apiv2][query] GET https://cloudfunctions.googleapis.com/v1/operations/cHJvamVjdHMvcGFuZGEtdGFsZW50LW1hcmtldHBsYWNlL2xvY2F0aW9ucy91cy1jZW50cmFsMS9vcGVyYXRpb25zL29wZXJhdGlvbi0xNzY2MTM3NzEwNDQyLTY0NjRhZmFkYWY3YmYtMTRiNzg2ZjQtZWJiOTlhM2Y [none]
[debug] [2025-12-19T09:48:32.082Z] <<< [apiv2][status] GET https://cloudfunctions.googleapis.com/v1/operations/cHJvamVjdHMvcGFuZGEtdGFsZW50LW1hcmtldHBsYWNlL2xvY2F0aW9ucy91cy1jZW50cmFsMS9vcGVyYXRpb25zL29wZXJhdGlvbi0xNzY2MTM3NzEwNDQyLTY0NjRhZmFkYWY3YmYtMTRiNzg2ZjQtZWJiOTlhM2Y 200
[debug] [2025-12-19T09:48:32.082Z] <<< [apiv2][body] GET https://cloudfunctions.googleapis.com/v1/operations/cHJvamVjdHMvcGFuZGEtdGFsZW50LW1hcmtldHBsYWNlL2xvY2F0aW9ucy91cy1jZW50cmFsMS9vcGVyYXRpb25zL29wZXJhdGlvbi0xNzY2MTM3NzEwNDQyLTY0NjRhZmFkYWY3YmYtMTRiNzg2ZjQtZWJiOTlhM2Y {"name":"operations/cHJvamVjdHMvcGFuZGEtdGFsZW50LW1hcmtldHBsYWNlL2xvY2F0aW9ucy91cy1jZW50cmFsMS9vcGVyYXRpb25zL29wZXJhdGlvbi0xNzY2MTM3NzEwNDQyLTY0NjRhZmFkYWY3YmYtMTRiNzg2ZjQtZWJiOTlhM2Y","metadata":{"@type":"type.googleapis.com/google.cloud.functions.v1.OperationMetadataV1","target":"projects/panda-talent-marketplace/locations/us-central1/functions/processSignUp","type":"CREATE_FUNCTION","request":{"@type":"type.googleapis.com/google.cloud.functions.v1.CloudFunction","name":"projects/panda-talent-marketplace/locations/us-central1/functions/processSignUp","eventTrigger":{"eventType":"providers/firebase.auth/eventTypes/user.create","resource":"projects/panda-talent-marketplace","failurePolicy":{}},"entryPoint":"processSignUp","updateTime":"1970-01-01T00:00:00Z","labels":{"deployment-tool":"cli-firebase","firebase-functions-hash":"84864cd7b62f3eef430988455473344df9acc23d"},"sourceUploadUrl":"https://storage.googleapis.com/uploads-77412868218.us-central1.cloudfunctions.appspot.com/a7af4da7-6dbd-42c6-b3d4-54432835c74d.zip?GoogleAccessId=service-650077618856@gcf-admin-robot.iam.gserviceaccount.com&Expires=1766139509&Signature=gUgForbnNllay%2Bbo3jslvUapSmbuGcKoxleMJKppzFjMiAmj5W1tYUIyNLHuPtZzISaHLJA2pEqLnPKNG%2FrG5SyiRCAuxrDQuHJRk8W0tygHW7Jf%2FQMgd2FTLBKTZwJbI8DBncXnapnD6OGwRtftMvxJkM1lai28iWR4XX9iXciWItkahre%2FMQQm0s641L3pNwhOOlj8sGiOxCvYqdtwPMPZWbxAwcyJyr34ADyWHuvpMYha3WSeNg%2B4Gq3Ic5%2BQVQ%2BpCD2Db3%2BOSnqgv%2BmlD%2BHWlj9tU51ldw62%2BtQYOvTPwzqVaBKGZkLBQlk2CsM7r1dONgxBmgXa25UaFEBgGg%3D%3D","environmentVariables":{"FIREBASE_CONFIG":"{\"projectId\":\"panda-talent-marketplace\",\"storageBucket\":\"panda-talent-marketplace.firebasestorage.app\"}","GCLOUD_PROJECT":"panda-talent-marketplace","EVENTARC_CLOUD_EVENT_SOURCE":"projects/panda-talent-marketplace/locations/us-central1/functions/processSignUp"},"runtime":"nodejs22","buildEnvironmentVariables":{"GOOGLE_NODE_RUN_SCRIPTS":""},"dockerRegistry":"ARTIFACT_REGISTRY"},"versionId":"1","updateTime":"2025-12-19T09:48:30.861581939Z"}}
[debug] [2025-12-19T09:48:33.097Z] [create-default-us-central1-processSignUp] Retrying task index 0
[debug] [2025-12-19T09:48:33.098Z] Checked if tokens are valid: true, expires at: 1766141201806
[debug] [2025-12-19T09:48:33.098Z] Checked if tokens are valid: true, expires at: 1766141201806
[debug] [2025-12-19T09:48:33.099Z] >>> [apiv2][query] GET https://cloudfunctions.googleapis.com/v1/operations/cHJvamVjdHMvcGFuZGEtdGFsZW50LW1hcmtldHBsYWNlL2xvY2F0aW9ucy91cy1jZW50cmFsMS9vcGVyYXRpb25zL29wZXJhdGlvbi0xNzY2MTM3NzEwNDQyLTY0NjRhZmFkYWY3YmYtMTRiNzg2ZjQtZWJiOTlhM2Y [none]
[debug] [2025-12-19T09:48:33.545Z] <<< [apiv2][status] GET https://cloudfunctions.googleapis.com/v1/operations/cHJvamVjdHMvcGFuZGEtdGFsZW50LW1hcmtldHBsYWNlL2xvY2F0aW9ucy91cy1jZW50cmFsMS9vcGVyYXRpb25zL29wZXJhdGlvbi0xNzY2MTM3NzEwNDQyLTY0NjRhZmFkYWY3YmYtMTRiNzg2ZjQtZWJiOTlhM2Y 200
[debug] [2025-12-19T09:48:33.546Z] <<< [apiv2][body] GET https://cloudfunctions.googleapis.com/v1/operations/cHJvamVjdHMvcGFuZGEtdGFsZW50LW1hcmtldHBsYWNlL2xvY2F0aW9ucy91cy1jZW50cmFsMS9vcGVyYXRpb25zL29wZXJhdGlvbi0xNzY2MTM3NzEwNDQyLTY0NjRhZmFkYWY3YmYtMTRiNzg2ZjQtZWJiOTlhM2Y {"name":"operations/cHJvamVjdHMvcGFuZGEtdGFsZW50LW1hcmtldHBsYWNlL2xvY2F0aW9ucy91cy1jZW50cmFsMS9vcGVyYXRpb25zL29wZXJhdGlvbi0xNzY2MTM3NzEwNDQyLTY0NjRhZmFkYWY3YmYtMTRiNzg2ZjQtZWJiOTlhM2Y","metadata":{"@type":"type.googleapis.com/google.cloud.functions.v1.OperationMetadataV1","target":"projects/panda-talent-marketplace/locations/us-central1/functions/processSignUp","type":"CREATE_FUNCTION","request":{"@type":"type.googleapis.com/google.cloud.functions.v1.CloudFunction","name":"projects/panda-talent-marketplace/locations/us-central1/functions/processSignUp","eventTrigger":{"eventType":"providers/firebase.auth/eventTypes/user.create","resource":"projects/panda-talent-marketplace","failurePolicy":{}},"entryPoint":"processSignUp","updateTime":"1970-01-01T00:00:00Z","labels":{"deployment-tool":"cli-firebase","firebase-functions-hash":"84864cd7b62f3eef430988455473344df9acc23d"},"sourceUploadUrl":"https://storage.googleapis.com/uploads-77412868218.us-central1.cloudfunctions.appspot.com/a7af4da7-6dbd-42c6-b3d4-54432835c74d.zip?GoogleAccessId=service-650077618856@gcf-admin-robot.iam.gserviceaccount.com&Expires=1766139509&Signature=gUgForbnNllay%2Bbo3jslvUapSmbuGcKoxleMJKppzFjMiAmj5W1tYUIyNLHuPtZzISaHLJA2pEqLnPKNG%2FrG5SyiRCAuxrDQuHJRk8W0tygHW7Jf%2FQMgd2FTLBKTZwJbI8DBncXnapnD6OGwRtftMvxJkM1lai28iWR4XX9iXciWItkahre%2FMQQm0s641L3pNwhOOlj8sGiOxCvYqdtwPMPZWbxAwcyJyr34ADyWHuvpMYha3WSeNg%2B4Gq3Ic5%2BQVQ%2BpCD2Db3%2BOSnqgv%2BmlD%2BHWlj9tU51ldw62%2BtQYOvTPwzqVaBKGZkLBQlk2CsM7r1dONgxBmgXa25UaFEBgGg%3D%3D","environmentVariables":{"FIREBASE_CONFIG":"{\"projectId\":\"panda-talent-marketplace\",\"storageBucket\":\"panda-talent-marketplace.firebasestorage.app\"}","GCLOUD_PROJECT":"panda-talent-marketplace","EVENTARC_CLOUD_EVENT_SOURCE":"projects/panda-talent-marketplace/locations/us-central1/functions/processSignUp"},"runtime":"nodejs22","buildEnvironmentVariables":{"GOOGLE_NODE_RUN_SCRIPTS":""},"dockerRegistry":"ARTIFACT_REGISTRY"},"versionId":"1","updateTime":"2025-12-19T09:48:30.861581939Z"}}
[debug] [2025-12-19T09:48:35.559Z] [create-default-us-central1-processSignUp] Retrying task index 0
[debug] [2025-12-19T09:48:35.560Z] Checked if tokens are valid: true, expires at: 1766141201806
[debug] [2025-12-19T09:48:35.561Z] Checked if tokens are valid: true, expires at: 1766141201806
[debug] [2025-12-19T09:48:35.562Z] >>> [apiv2][query] GET https://cloudfunctions.googleapis.com/v1/operations/cHJvamVjdHMvcGFuZGEtdGFsZW50LW1hcmtldHBsYWNlL2xvY2F0aW9ucy91cy1jZW50cmFsMS9vcGVyYXRpb25zL29wZXJhdGlvbi0xNzY2MTM3NzEwNDQyLTY0NjRhZmFkYWY3YmYtMTRiNzg2ZjQtZWJiOTlhM2Y [none]
[debug] [2025-12-19T09:48:35.900Z] <<< [apiv2][status] GET https://cloudfunctions.googleapis.com/v1/operations/cHJvamVjdHMvcGFuZGEtdGFsZW50LW1hcmtldHBsYWNlL2xvY2F0aW9ucy91cy1jZW50cmFsMS9vcGVyYXRpb25zL29wZXJhdGlvbi0xNzY2MTM3NzEwNDQyLTY0NjRhZmFkYWY3YmYtMTRiNzg2ZjQtZWJiOTlhM2Y 200
[debug] [2025-12-19T09:48:35.901Z] <<< [apiv2][body] GET https://cloudfunctions.googleapis.com/v1/operations/cHJvamVjdHMvcGFuZGEtdGFsZW50LW1hcmtldHBsYWNlL2xvY2F0aW9ucy91cy1jZW50cmFsMS9vcGVyYXRpb25zL29wZXJhdGlvbi0xNzY2MTM3NzEwNDQyLTY0NjRhZmFkYWY3YmYtMTRiNzg2ZjQtZWJiOTlhM2Y {"name":"operations/cHJvamVjdHMvcGFuZGEtdGFsZW50LW1hcmtldHBsYWNlL2xvY2F0aW9ucy91cy1jZW50cmFsMS9vcGVyYXRpb25zL29wZXJhdGlvbi0xNzY2MTM3NzEwNDQyLTY0NjRhZmFkYWY3YmYtMTRiNzg2ZjQtZWJiOTlhM2Y","metadata":{"@type":"type.googleapis.com/google.cloud.functions.v1.OperationMetadataV1","target":"projects/panda-talent-marketplace/locations/us-central1/functions/processSignUp","type":"CREATE_FUNCTION","request":{"@type":"type.googleapis.com/google.cloud.functions.v1.CloudFunction","name":"projects/panda-talent-marketplace/locations/us-central1/functions/processSignUp","eventTrigger":{"eventType":"providers/firebase.auth/eventTypes/user.create","resource":"projects/panda-talent-marketplace","failurePolicy":{}},"entryPoint":"processSignUp","updateTime":"1970-01-01T00:00:00Z","labels":{"deployment-tool":"cli-firebase","firebase-functions-hash":"84864cd7b62f3eef430988455473344df9acc23d"},"sourceUploadUrl":"https://storage.googleapis.com/uploads-77412868218.us-central1.cloudfunctions.appspot.com/a7af4da7-6dbd-42c6-b3d4-54432835c74d.zip?GoogleAccessId=service-650077618856@gcf-admin-robot.iam.gserviceaccount.com&Expires=1766139509&Signature=gUgForbnNllay%2Bbo3jslvUapSmbuGcKoxleMJKppzFjMiAmj5W1tYUIyNLHuPtZzISaHLJA2pEqLnPKNG%2FrG5SyiRCAuxrDQuHJRk8W0tygHW7Jf%2FQMgd2FTLBKTZwJbI8DBncXnapnD6OGwRtftMvxJkM1lai28iWR4XX9iXciWItkahre%2FMQQm0s641L3pNwhOOlj8sGiOxCvYqdtwPMPZWbxAwcyJyr34ADyWHuvpMYha3WSeNg%2B4Gq3Ic5%2BQVQ%2BpCD2Db3%2BOSnqgv%2BmlD%2BHWlj9tU51ldw62%2BtQYOvTPwzqVaBKGZkLBQlk2CsM7r1dONgxBmgXa25UaFEBgGg%3D%3D","environmentVariables":{"FIREBASE_CONFIG":"{\"projectId\":\"panda-talent-marketplace\",\"storageBucket\":\"panda-talent-marketplace.firebasestorage.app\"}","GCLOUD_PROJECT":"panda-talent-marketplace","EVENTARC_CLOUD_EVENT_SOURCE":"projects/panda-talent-marketplace/locations/us-central1/functions/processSignUp"},"runtime":"nodejs22","buildEnvironmentVariables":{"GOOGLE_NODE_RUN_SCRIPTS":""},"dockerRegistry":"ARTIFACT_REGISTRY"},"versionId":"1","updateTime":"2025-12-19T09:48:30.861581939Z"}}
[debug] [2025-12-19T09:48:39.903Z] [create-default-us-central1-processSignUp] Retrying task index 0
[debug] [2025-12-19T09:48:39.904Z] Checked if tokens are valid: true, expires at: 1766141201806
[debug] [2025-12-19T09:48:39.904Z] Checked if tokens are valid: true, expires at: 1766141201806
[debug] [2025-12-19T09:48:39.904Z] >>> [apiv2][query] GET https://cloudfunctions.googleapis.com/v1/operations/cHJvamVjdHMvcGFuZGEtdGFsZW50LW1hcmtldHBsYWNlL2xvY2F0aW9ucy91cy1jZW50cmFsMS9vcGVyYXRpb25zL29wZXJhdGlvbi0xNzY2MTM3NzEwNDQyLTY0NjRhZmFkYWY3YmYtMTRiNzg2ZjQtZWJiOTlhM2Y [none]
[debug] [2025-12-19T09:48:40.404Z] <<< [apiv2][status] GET https://cloudfunctions.googleapis.com/v1/operations/cHJvamVjdHMvcGFuZGEtdGFsZW50LW1hcmtldHBsYWNlL2xvY2F0aW9ucy91cy1jZW50cmFsMS9vcGVyYXRpb25zL29wZXJhdGlvbi0xNzY2MTM3NzEwNDQyLTY0NjRhZmFkYWY3YmYtMTRiNzg2ZjQtZWJiOTlhM2Y 200
[debug] [2025-12-19T09:48:40.405Z] <<< [apiv2][body] GET https://cloudfunctions.googleapis.com/v1/operations/cHJvamVjdHMvcGFuZGEtdGFsZW50LW1hcmtldHBsYWNlL2xvY2F0aW9ucy91cy1jZW50cmFsMS9vcGVyYXRpb25zL29wZXJhdGlvbi0xNzY2MTM3NzEwNDQyLTY0NjRhZmFkYWY3YmYtMTRiNzg2ZjQtZWJiOTlhM2Y {"name":"operations/cHJvamVjdHMvcGFuZGEtdGFsZW50LW1hcmtldHBsYWNlL2xvY2F0aW9ucy91cy1jZW50cmFsMS9vcGVyYXRpb25zL29wZXJhdGlvbi0xNzY2MTM3NzEwNDQyLTY0NjRhZmFkYWY3YmYtMTRiNzg2ZjQtZWJiOTlhM2Y","metadata":{"@type":"type.googleapis.com/google.cloud.functions.v1.OperationMetadataV1","target":"projects/panda-talent-marketplace/locations/us-central1/functions/processSignUp","type":"CREATE_FUNCTION","request":{"@type":"type.googleapis.com/google.cloud.functions.v1.CloudFunction","name":"projects/panda-talent-marketplace/locations/us-central1/functions/processSignUp","eventTrigger":{"eventType":"providers/firebase.auth/eventTypes/user.create","resource":"projects/panda-talent-marketplace","failurePolicy":{}},"entryPoint":"processSignUp","updateTime":"1970-01-01T00:00:00Z","labels":{"deployment-tool":"cli-firebase","firebase-functions-hash":"84864cd7b62f3eef430988455473344df9acc23d"},"sourceUploadUrl":"https://storage.googleapis.com/uploads-77412868218.us-central1.cloudfunctions.appspot.com/a7af4da7-6dbd-42c6-b3d4-54432835c74d.zip?GoogleAccessId=service-650077618856@gcf-admin-robot.iam.gserviceaccount.com&Expires=1766139509&Signature=gUgForbnNllay%2Bbo3jslvUapSmbuGcKoxleMJKppzFjMiAmj5W1tYUIyNLHuPtZzISaHLJA2pEqLnPKNG%2FrG5SyiRCAuxrDQuHJRk8W0tygHW7Jf%2FQMgd2FTLBKTZwJbI8DBncXnapnD6OGwRtftMvxJkM1lai28iWR4XX9iXciWItkahre%2FMQQm0s641L3pNwhOOlj8sGiOxCvYqdtwPMPZWbxAwcyJyr34ADyWHuvpMYha3WSeNg%2B4Gq3Ic5%2BQVQ%2BpCD2Db3%2BOSnqgv%2BmlD%2BHWlj9tU51ldw62%2BtQYOvTPwzqVaBKGZkLBQlk2CsM7r1dONgxBmgXa25UaFEBgGg%3D%3D","environmentVariables":{"FIREBASE_CONFIG":"{\"projectId\":\"panda-talent-marketplace\",\"storageBucket\":\"panda-talent-marketplace.firebasestorage.app\"}","GCLOUD_PROJECT":"panda-talent-marketplace","EVENTARC_CLOUD_EVENT_SOURCE":"projects/panda-talent-marketplace/locations/us-central1/functions/processSignUp"},"runtime":"nodejs22","buildEnvironmentVariables":{"GOOGLE_NODE_RUN_SCRIPTS":""},"dockerRegistry":"ARTIFACT_REGISTRY"},"versionId":"1","updateTime":"2025-12-19T09:48:30.861581939Z"}}
[debug] [2025-12-19T09:48:48.415Z] [create-default-us-central1-processSignUp] Retrying task index 0
[debug] [2025-12-19T09:48:48.416Z] Checked if tokens are valid: true, expires at: 1766141201806
[debug] [2025-12-19T09:48:48.417Z] Checked if tokens are valid: true, expires at: 1766141201806
[debug] [2025-12-19T09:48:48.417Z] >>> [apiv2][query] GET https://cloudfunctions.googleapis.com/v1/operations/cHJvamVjdHMvcGFuZGEtdGFsZW50LW1hcmtldHBsYWNlL2xvY2F0aW9ucy91cy1jZW50cmFsMS9vcGVyYXRpb25zL29wZXJhdGlvbi0xNzY2MTM3NzEwNDQyLTY0NjRhZmFkYWY3YmYtMTRiNzg2ZjQtZWJiOTlhM2Y [none]
[debug] [2025-12-19T09:48:49.127Z] <<< [apiv2][status] GET https://cloudfunctions.googleapis.com/v1/operations/cHJvamVjdHMvcGFuZGEtdGFsZW50LW1hcmtldHBsYWNlL2xvY2F0aW9ucy91cy1jZW50cmFsMS9vcGVyYXRpb25zL29wZXJhdGlvbi0xNzY2MTM3NzEwNDQyLTY0NjRhZmFkYWY3YmYtMTRiNzg2ZjQtZWJiOTlhM2Y 200
[debug] [2025-12-19T09:48:49.128Z] <<< [apiv2][body] GET https://cloudfunctions.googleapis.com/v1/operations/cHJvamVjdHMvcGFuZGEtdGFsZW50LW1hcmtldHBsYWNlL2xvY2F0aW9ucy91cy1jZW50cmFsMS9vcGVyYXRpb25zL29wZXJhdGlvbi0xNzY2MTM3NzEwNDQyLTY0NjRhZmFkYWY3YmYtMTRiNzg2ZjQtZWJiOTlhM2Y {"name":"operations/cHJvamVjdHMvcGFuZGEtdGFsZW50LW1hcmtldHBsYWNlL2xvY2F0aW9ucy91cy1jZW50cmFsMS9vcGVyYXRpb25zL29wZXJhdGlvbi0xNzY2MTM3NzEwNDQyLTY0NjRhZmFkYWY3YmYtMTRiNzg2ZjQtZWJiOTlhM2Y","metadata":{"@type":"type.googleapis.com/google.cloud.functions.v1.OperationMetadataV1","target":"projects/panda-talent-marketplace/locations/us-central1/functions/processSignUp","type":"CREATE_FUNCTION","request":{"@type":"type.googleapis.com/google.cloud.functions.v1.CloudFunction","name":"projects/panda-talent-marketplace/locations/us-central1/functions/processSignUp","eventTrigger":{"eventType":"providers/firebase.auth/eventTypes/user.create","resource":"projects/panda-talent-marketplace","failurePolicy":{}},"entryPoint":"processSignUp","updateTime":"1970-01-01T00:00:00Z","labels":{"deployment-tool":"cli-firebase","firebase-functions-hash":"84864cd7b62f3eef430988455473344df9acc23d"},"sourceUploadUrl":"https://storage.googleapis.com/uploads-77412868218.us-central1.cloudfunctions.appspot.com/a7af4da7-6dbd-42c6-b3d4-54432835c74d.zip?GoogleAccessId=service-650077618856@gcf-admin-robot.iam.gserviceaccount.com&Expires=1766139509&Signature=gUgForbnNllay%2Bbo3jslvUapSmbuGcKoxleMJKppzFjMiAmj5W1tYUIyNLHuPtZzISaHLJA2pEqLnPKNG%2FrG5SyiRCAuxrDQuHJRk8W0tygHW7Jf%2FQMgd2FTLBKTZwJbI8DBncXnapnD6OGwRtftMvxJkM1lai28iWR4XX9iXciWItkahre%2FMQQm0s641L3pNwhOOlj8sGiOxCvYqdtwPMPZWbxAwcyJyr34ADyWHuvpMYha3WSeNg%2B4Gq3Ic5%2BQVQ%2BpCD2Db3%2BOSnqgv%2BmlD%2BHWlj9tU51ldw62%2BtQYOvTPwzqVaBKGZkLBQlk2CsM7r1dONgxBmgXa25UaFEBgGg%3D%3D","environmentVariables":{"FIREBASE_CONFIG":"{\"projectId\":\"panda-talent-marketplace\",\"storageBucket\":\"panda-talent-marketplace.firebasestorage.app\"}","GCLOUD_PROJECT":"panda-talent-marketplace","EVENTARC_CLOUD_EVENT_SOURCE":"projects/panda-talent-marketplace/locations/us-central1/functions/processSignUp"},"runtime":"nodejs22","buildEnvironmentVariables":{"GOOGLE_NODE_RUN_SCRIPTS":""},"dockerRegistry":"ARTIFACT_REGISTRY"},"versionId":"1","updateTime":"2025-12-19T09:48:30.861581939Z","buildId":"f2bf2a45-2256-4473-844a-70a212105fdd","buildName":"projects/650077618856/locations/us-central1/builds/f2bf2a45-2256-4473-844a-70a212105fdd"}}
[debug] [2025-12-19T09:48:59.140Z] [create-default-us-central1-processSignUp] Retrying task index 0
[debug] [2025-12-19T09:48:59.141Z] Checked if tokens are valid: true, expires at: 1766141201806
[debug] [2025-12-19T09:48:59.142Z] Checked if tokens are valid: true, expires at: 1766141201806
[debug] [2025-12-19T09:48:59.143Z] >>> [apiv2][query] GET https://cloudfunctions.googleapis.com/v1/operations/cHJvamVjdHMvcGFuZGEtdGFsZW50LW1hcmtldHBsYWNlL2xvY2F0aW9ucy91cy1jZW50cmFsMS9vcGVyYXRpb25zL29wZXJhdGlvbi0xNzY2MTM3NzEwNDQyLTY0NjRhZmFkYWY3YmYtMTRiNzg2ZjQtZWJiOTlhM2Y [none]
[debug] [2025-12-19T09:48:59.769Z] <<< [apiv2][status] GET https://cloudfunctions.googleapis.com/v1/operations/cHJvamVjdHMvcGFuZGEtdGFsZW50LW1hcmtldHBsYWNlL2xvY2F0aW9ucy91cy1jZW50cmFsMS9vcGVyYXRpb25zL29wZXJhdGlvbi0xNzY2MTM3NzEwNDQyLTY0NjRhZmFkYWY3YmYtMTRiNzg2ZjQtZWJiOTlhM2Y 200
[debug] [2025-12-19T09:48:59.770Z] <<< [apiv2][body] GET https://cloudfunctions.googleapis.com/v1/operations/cHJvamVjdHMvcGFuZGEtdGFsZW50LW1hcmtldHBsYWNlL2xvY2F0aW9ucy91cy1jZW50cmFsMS9vcGVyYXRpb25zL29wZXJhdGlvbi0xNzY2MTM3NzEwNDQyLTY0NjRhZmFkYWY3YmYtMTRiNzg2ZjQtZWJiOTlhM2Y {"name":"operations/cHJvamVjdHMvcGFuZGEtdGFsZW50LW1hcmtldHBsYWNlL2xvY2F0aW9ucy91cy1jZW50cmFsMS9vcGVyYXRpb25zL29wZXJhdGlvbi0xNzY2MTM3NzEwNDQyLTY0NjRhZmFkYWY3YmYtMTRiNzg2ZjQtZWJiOTlhM2Y","metadata":{"@type":"type.googleapis.com/google.cloud.functions.v1.OperationMetadataV1","target":"projects/panda-talent-marketplace/locations/us-central1/functions/processSignUp","type":"CREATE_FUNCTION","request":{"@type":"type.googleapis.com/google.cloud.functions.v1.CloudFunction","name":"projects/panda-talent-marketplace/locations/us-central1/functions/processSignUp","eventTrigger":{"eventType":"providers/firebase.auth/eventTypes/user.create","resource":"projects/panda-talent-marketplace","failurePolicy":{}},"entryPoint":"processSignUp","updateTime":"1970-01-01T00:00:00Z","labels":{"deployment-tool":"cli-firebase","firebase-functions-hash":"84864cd7b62f3eef430988455473344df9acc23d"},"sourceUploadUrl":"https://storage.googleapis.com/uploads-77412868218.us-central1.cloudfunctions.appspot.com/a7af4da7-6dbd-42c6-b3d4-54432835c74d.zip?GoogleAccessId=service-650077618856@gcf-admin-robot.iam.gserviceaccount.com&Expires=1766139509&Signature=gUgForbnNllay%2Bbo3jslvUapSmbuGcKoxleMJKppzFjMiAmj5W1tYUIyNLHuPtZzISaHLJA2pEqLnPKNG%2FrG5SyiRCAuxrDQuHJRk8W0tygHW7Jf%2FQMgd2FTLBKTZwJbI8DBncXnapnD6OGwRtftMvxJkM1lai28iWR4XX9iXciWItkahre%2FMQQm0s641L3pNwhOOlj8sGiOxCvYqdtwPMPZWbxAwcyJyr34ADyWHuvpMYha3WSeNg%2B4Gq3Ic5%2BQVQ%2BpCD2Db3%2BOSnqgv%2BmlD%2BHWlj9tU51ldw62%2BtQYOvTPwzqVaBKGZkLBQlk2CsM7r1dONgxBmgXa25UaFEBgGg%3D%3D","environmentVariables":{"FIREBASE_CONFIG":"{\"projectId\":\"panda-talent-marketplace\",\"storageBucket\":\"panda-talent-marketplace.firebasestorage.app\"}","GCLOUD_PROJECT":"panda-talent-marketplace","EVENTARC_CLOUD_EVENT_SOURCE":"projects/panda-talent-marketplace/locations/us-central1/functions/processSignUp"},"runtime":"nodejs22","buildEnvironmentVariables":{"GOOGLE_NODE_RUN_SCRIPTS":""},"dockerRegistry":"ARTIFACT_REGISTRY"},"versionId":"1","updateTime":"2025-12-19T09:48:30.861581939Z","buildId":"f2bf2a45-2256-4473-844a-70a212105fdd","buildName":"projects/650077618856/locations/us-central1/builds/f2bf2a45-2256-4473-844a-70a212105fdd"}}
[debug] [2025-12-19T09:49:09.779Z] [create-default-us-central1-processSignUp] Retrying task index 0
[debug] [2025-12-19T09:49:09.780Z] Checked if tokens are valid: true, expires at: 1766141201806
[debug] [2025-12-19T09:49:09.781Z] Checked if tokens are valid: true, expires at: 1766141201806
[debug] [2025-12-19T09:49:09.781Z] >>> [apiv2][query] GET https://cloudfunctions.googleapis.com/v1/operations/cHJvamVjdHMvcGFuZGEtdGFsZW50LW1hcmtldHBsYWNlL2xvY2F0aW9ucy91cy1jZW50cmFsMS9vcGVyYXRpb25zL29wZXJhdGlvbi0xNzY2MTM3NzEwNDQyLTY0NjRhZmFkYWY3YmYtMTRiNzg2ZjQtZWJiOTlhM2Y [none]
[debug] [2025-12-19T09:49:12.316Z] <<< [apiv2][status] GET https://cloudfunctions.googleapis.com/v1/operations/cHJvamVjdHMvcGFuZGEtdGFsZW50LW1hcmtldHBsYWNlL2xvY2F0aW9ucy91cy1jZW50cmFsMS9vcGVyYXRpb25zL29wZXJhdGlvbi0xNzY2MTM3NzEwNDQyLTY0NjRhZmFkYWY3YmYtMTRiNzg2ZjQtZWJiOTlhM2Y 200
[debug] [2025-12-19T09:49:12.316Z] <<< [apiv2][body] GET https://cloudfunctions.googleapis.com/v1/operations/cHJvamVjdHMvcGFuZGEtdGFsZW50LW1hcmtldHBsYWNlL2xvY2F0aW9ucy91cy1jZW50cmFsMS9vcGVyYXRpb25zL29wZXJhdGlvbi0xNzY2MTM3NzEwNDQyLTY0NjRhZmFkYWY3YmYtMTRiNzg2ZjQtZWJiOTlhM2Y {"name":"operations/cHJvamVjdHMvcGFuZGEtdGFsZW50LW1hcmtldHBsYWNlL2xvY2F0aW9ucy91cy1jZW50cmFsMS9vcGVyYXRpb25zL29wZXJhdGlvbi0xNzY2MTM3NzEwNDQyLTY0NjRhZmFkYWY3YmYtMTRiNzg2ZjQtZWJiOTlhM2Y","metadata":{"@type":"type.googleapis.com/google.cloud.functions.v1.OperationMetadataV1","target":"projects/panda-talent-marketplace/locations/us-central1/functions/processSignUp","type":"CREATE_FUNCTION","request":{"@type":"type.googleapis.com/google.cloud.functions.v1.CloudFunction","name":"projects/panda-talent-marketplace/locations/us-central1/functions/processSignUp","eventTrigger":{"eventType":"providers/firebase.auth/eventTypes/user.create","resource":"projects/panda-talent-marketplace","failurePolicy":{}},"entryPoint":"processSignUp","updateTime":"1970-01-01T00:00:00Z","labels":{"deployment-tool":"cli-firebase","firebase-functions-hash":"84864cd7b62f3eef430988455473344df9acc23d"},"sourceUploadUrl":"https://storage.googleapis.com/uploads-77412868218.us-central1.cloudfunctions.appspot.com/a7af4da7-6dbd-42c6-b3d4-54432835c74d.zip?GoogleAccessId=service-650077618856@gcf-admin-robot.iam.gserviceaccount.com&Expires=1766139509&Signature=gUgForbnNllay%2Bbo3jslvUapSmbuGcKoxleMJKppzFjMiAmj5W1tYUIyNLHuPtZzISaHLJA2pEqLnPKNG%2FrG5SyiRCAuxrDQuHJRk8W0tygHW7Jf%2FQMgd2FTLBKTZwJbI8DBncXnapnD6OGwRtftMvxJkM1lai28iWR4XX9iXciWItkahre%2FMQQm0s641L3pNwhOOlj8sGiOxCvYqdtwPMPZWbxAwcyJyr34ADyWHuvpMYha3WSeNg%2B4Gq3Ic5%2BQVQ%2BpCD2Db3%2BOSnqgv%2BmlD%2BHWlj9tU51ldw62%2BtQYOvTPwzqVaBKGZkLBQlk2CsM7r1dONgxBmgXa25UaFEBgGg%3D%3D","environmentVariables":{"FIREBASE_CONFIG":"{\"projectId\":\"panda-talent-marketplace\",\"storageBucket\":\"panda-talent-marketplace.firebasestorage.app\"}","GCLOUD_PROJECT":"panda-talent-marketplace","EVENTARC_CLOUD_EVENT_SOURCE":"projects/panda-talent-marketplace/locations/us-central1/functions/processSignUp"},"runtime":"nodejs22","buildEnvironmentVariables":{"GOOGLE_NODE_RUN_SCRIPTS":""},"dockerRegistry":"ARTIFACT_REGISTRY"},"versionId":"1","updateTime":"2025-12-19T09:48:30.861581939Z","buildId":"f2bf2a45-2256-4473-844a-70a212105fdd","buildName":"projects/650077618856/locations/us-central1/builds/f2bf2a45-2256-4473-844a-70a212105fdd"}}
[debug] [2025-12-19T09:49:22.326Z] [create-default-us-central1-processSignUp] Retrying task index 0
[debug] [2025-12-19T09:49:22.328Z] Checked if tokens are valid: true, expires at: 1766141201806
[debug] [2025-12-19T09:49:22.328Z] Checked if tokens are valid: true, expires at: 1766141201806
[debug] [2025-12-19T09:49:22.328Z] >>> [apiv2][query] GET https://cloudfunctions.googleapis.com/v1/operations/cHJvamVjdHMvcGFuZGEtdGFsZW50LW1hcmtldHBsYWNlL2xvY2F0aW9ucy91cy1jZW50cmFsMS9vcGVyYXRpb25zL29wZXJhdGlvbi0xNzY2MTM3NzEwNDQyLTY0NjRhZmFkYWY3YmYtMTRiNzg2ZjQtZWJiOTlhM2Y [none]
[debug] [2025-12-19T09:49:22.955Z] <<< [apiv2][status] GET https://cloudfunctions.googleapis.com/v1/operations/cHJvamVjdHMvcGFuZGEtdGFsZW50LW1hcmtldHBsYWNlL2xvY2F0aW9ucy91cy1jZW50cmFsMS9vcGVyYXRpb25zL29wZXJhdGlvbi0xNzY2MTM3NzEwNDQyLTY0NjRhZmFkYWY3YmYtMTRiNzg2ZjQtZWJiOTlhM2Y 200
[debug] [2025-12-19T09:49:22.956Z] <<< [apiv2][body] GET https://cloudfunctions.googleapis.com/v1/operations/cHJvamVjdHMvcGFuZGEtdGFsZW50LW1hcmtldHBsYWNlL2xvY2F0aW9ucy91cy1jZW50cmFsMS9vcGVyYXRpb25zL29wZXJhdGlvbi0xNzY2MTM3NzEwNDQyLTY0NjRhZmFkYWY3YmYtMTRiNzg2ZjQtZWJiOTlhM2Y {"name":"operations/cHJvamVjdHMvcGFuZGEtdGFsZW50LW1hcmtldHBsYWNlL2xvY2F0aW9ucy91cy1jZW50cmFsMS9vcGVyYXRpb25zL29wZXJhdGlvbi0xNzY2MTM3NzEwNDQyLTY0NjRhZmFkYWY3YmYtMTRiNzg2ZjQtZWJiOTlhM2Y","metadata":{"@type":"type.googleapis.com/google.cloud.functions.v1.OperationMetadataV1","target":"projects/panda-talent-marketplace/locations/us-central1/functions/processSignUp","type":"CREATE_FUNCTION","request":{"@type":"type.googleapis.com/google.cloud.functions.v1.CloudFunction","name":"projects/panda-talent-marketplace/locations/us-central1/functions/processSignUp","eventTrigger":{"eventType":"providers/firebase.auth/eventTypes/user.create","resource":"projects/panda-talent-marketplace","failurePolicy":{}},"entryPoint":"processSignUp","updateTime":"1970-01-01T00:00:00Z","labels":{"deployment-tool":"cli-firebase","firebase-functions-hash":"84864cd7b62f3eef430988455473344df9acc23d"},"sourceUploadUrl":"https://storage.googleapis.com/uploads-77412868218.us-central1.cloudfunctions.appspot.com/a7af4da7-6dbd-42c6-b3d4-54432835c74d.zip?GoogleAccessId=service-650077618856@gcf-admin-robot.iam.gserviceaccount.com&Expires=1766139509&Signature=gUgForbnNllay%2Bbo3jslvUapSmbuGcKoxleMJKppzFjMiAmj5W1tYUIyNLHuPtZzISaHLJA2pEqLnPKNG%2FrG5SyiRCAuxrDQuHJRk8W0tygHW7Jf%2FQMgd2FTLBKTZwJbI8DBncXnapnD6OGwRtftMvxJkM1lai28iWR4XX9iXciWItkahre%2FMQQm0s641L3pNwhOOlj8sGiOxCvYqdtwPMPZWbxAwcyJyr34ADyWHuvpMYha3WSeNg%2B4Gq3Ic5%2BQVQ%2BpCD2Db3%2BOSnqgv%2BmlD%2BHWlj9tU51ldw62%2BtQYOvTPwzqVaBKGZkLBQlk2CsM7r1dONgxBmgXa25UaFEBgGg%3D%3D","environmentVariables":{"FIREBASE_CONFIG":"{\"projectId\":\"panda-talent-marketplace\",\"storageBucket\":\"panda-talent-marketplace.firebasestorage.app\"}","GCLOUD_PROJECT":"panda-talent-marketplace","EVENTARC_CLOUD_EVENT_SOURCE":"projects/panda-talent-marketplace/locations/us-central1/functions/processSignUp"},"runtime":"nodejs22","buildEnvironmentVariables":{"GOOGLE_NODE_RUN_SCRIPTS":""},"dockerRegistry":"ARTIFACT_REGISTRY"},"versionId":"1","updateTime":"2025-12-19T09:48:30.861581939Z","buildId":"f2bf2a45-2256-4473-844a-70a212105fdd","buildName":"projects/650077618856/locations/us-central1/builds/f2bf2a45-2256-4473-844a-70a212105fdd"}}
[debug] [2025-12-19T09:49:32.966Z] [create-default-us-central1-processSignUp] Retrying task index 0
[debug] [2025-12-19T09:49:32.968Z] Checked if tokens are valid: true, expires at: 1766141201806
[debug] [2025-12-19T09:49:32.969Z] Checked if tokens are valid: true, expires at: 1766141201806
[debug] [2025-12-19T09:49:32.969Z] >>> [apiv2][query] GET https://cloudfunctions.googleapis.com/v1/operations/cHJvamVjdHMvcGFuZGEtdGFsZW50LW1hcmtldHBsYWNlL2xvY2F0aW9ucy91cy1jZW50cmFsMS9vcGVyYXRpb25zL29wZXJhdGlvbi0xNzY2MTM3NzEwNDQyLTY0NjRhZmFkYWY3YmYtMTRiNzg2ZjQtZWJiOTlhM2Y [none]
[debug] [2025-12-19T09:49:33.598Z] <<< [apiv2][status] GET https://cloudfunctions.googleapis.com/v1/operations/cHJvamVjdHMvcGFuZGEtdGFsZW50LW1hcmtldHBsYWNlL2xvY2F0aW9ucy91cy1jZW50cmFsMS9vcGVyYXRpb25zL29wZXJhdGlvbi0xNzY2MTM3NzEwNDQyLTY0NjRhZmFkYWY3YmYtMTRiNzg2ZjQtZWJiOTlhM2Y 200
[debug] [2025-12-19T09:49:33.599Z] <<< [apiv2][body] GET https://cloudfunctions.googleapis.com/v1/operations/cHJvamVjdHMvcGFuZGEtdGFsZW50LW1hcmtldHBsYWNlL2xvY2F0aW9ucy91cy1jZW50cmFsMS9vcGVyYXRpb25zL29wZXJhdGlvbi0xNzY2MTM3NzEwNDQyLTY0NjRhZmFkYWY3YmYtMTRiNzg2ZjQtZWJiOTlhM2Y {"name":"operations/cHJvamVjdHMvcGFuZGEtdGFsZW50LW1hcmtldHBsYWNlL2xvY2F0aW9ucy91cy1jZW50cmFsMS9vcGVyYXRpb25zL29wZXJhdGlvbi0xNzY2MTM3NzEwNDQyLTY0NjRhZmFkYWY3YmYtMTRiNzg2ZjQtZWJiOTlhM2Y","metadata":{"@type":"type.googleapis.com/google.cloud.functions.v1.OperationMetadataV1","target":"projects/panda-talent-marketplace/locations/us-central1/functions/processSignUp","type":"CREATE_FUNCTION","request":{"@type":"type.googleapis.com/google.cloud.functions.v1.CloudFunction","name":"projects/panda-talent-marketplace/locations/us-central1/functions/processSignUp","eventTrigger":{"eventType":"providers/firebase.auth/eventTypes/user.create","resource":"projects/panda-talent-marketplace","failurePolicy":{}},"entryPoint":"processSignUp","updateTime":"1970-01-01T00:00:00Z","labels":{"deployment-tool":"cli-firebase","firebase-functions-hash":"84864cd7b62f3eef430988455473344df9acc23d"},"sourceUploadUrl":"https://storage.googleapis.com/uploads-77412868218.us-central1.cloudfunctions.appspot.com/a7af4da7-6dbd-42c6-b3d4-54432835c74d.zip?GoogleAccessId=service-650077618856@gcf-admin-robot.iam.gserviceaccount.com&Expires=1766139509&Signature=gUgForbnNllay%2Bbo3jslvUapSmbuGcKoxleMJKppzFjMiAmj5W1tYUIyNLHuPtZzISaHLJA2pEqLnPKNG%2FrG5SyiRCAuxrDQuHJRk8W0tygHW7Jf%2FQMgd2FTLBKTZwJbI8DBncXnapnD6OGwRtftMvxJkM1lai28iWR4XX9iXciWItkahre%2FMQQm0s641L3pNwhOOlj8sGiOxCvYqdtwPMPZWbxAwcyJyr34ADyWHuvpMYha3WSeNg%2B4Gq3Ic5%2BQVQ%2BpCD2Db3%2BOSnqgv%2BmlD%2BHWlj9tU51ldw62%2BtQYOvTPwzqVaBKGZkLBQlk2CsM7r1dONgxBmgXa25UaFEBgGg%3D%3D","environmentVariables":{"FIREBASE_CONFIG":"{\"projectId\":\"panda-talent-marketplace\",\"storageBucket\":\"panda-talent-marketplace.firebasestorage.app\"}","GCLOUD_PROJECT":"panda-talent-marketplace","EVENTARC_CLOUD_EVENT_SOURCE":"projects/panda-talent-marketplace/locations/us-central1/functions/processSignUp"},"runtime":"nodejs22","buildEnvironmentVariables":{"GOOGLE_NODE_RUN_SCRIPTS":""},"dockerRegistry":"ARTIFACT_REGISTRY"},"versionId":"1","updateTime":"2025-12-19T09:48:30.861581939Z","buildId":"f2bf2a45-2256-4473-844a-70a212105fdd","sourceToken":"6a8494d7-48f5-4bbd-831c-722e6309eab9","buildName":"projects/650077618856/locations/us-central1/builds/f2bf2a45-2256-4473-844a-70a212105fdd"}}
[debug] [2025-12-19T09:49:33.600Z] Got source token 6a8494d7-48f5-4bbd-831c-722e6309eab9 for region us-central1
[debug] [2025-12-19T09:49:33.601Z] Checked if tokens are valid: true, expires at: 1766141201806
[debug] [2025-12-19T09:49:33.601Z] Checked if tokens are valid: true, expires at: 1766141201806
[debug] [2025-12-19T09:49:33.602Z] >>> [apiv2][query] POST https://cloudfunctions.googleapis.com/v1/projects/panda-talent-marketplace/locations/us-central1/functions [none]
[debug] [2025-12-19T09:49:33.602Z] >>> [apiv2][body] POST https://cloudfunctions.googleapis.com/v1/projects/panda-talent-marketplace/locations/us-central1/functions {"name":"projects/panda-talent-marketplace/locations/us-central1/functions/finalizeSignup","sourceUploadUrl":"https://storage.googleapis.com/uploads-77412868218.us-central1.cloudfunctions.appspot.com/a7af4da7-6dbd-42c6-b3d4-54432835c74d.zip?GoogleAccessId=service-650077618856@gcf-admin-robot.iam.gserviceaccount.com&Expires=1766139509&Signature=gUgForbnNllay%2Bbo3jslvUapSmbuGcKoxleMJKppzFjMiAmj5W1tYUIyNLHuPtZzISaHLJA2pEqLnPKNG%2FrG5SyiRCAuxrDQuHJRk8W0tygHW7Jf%2FQMgd2FTLBKTZwJbI8DBncXnapnD6OGwRtftMvxJkM1lai28iWR4XX9iXciWItkahre%2FMQQm0s641L3pNwhOOlj8sGiOxCvYqdtwPMPZWbxAwcyJyr34ADyWHuvpMYha3WSeNg%2B4Gq3Ic5%2BQVQ%2BpCD2Db3%2BOSnqgv%2BmlD%2BHWlj9tU51ldw62%2BtQYOvTPwzqVaBKGZkLBQlk2CsM7r1dONgxBmgXa25UaFEBgGg%3D%3D","entryPoint":"finalizeSignup","runtime":"nodejs22","dockerRegistry":"ARTIFACT_REGISTRY","labels":{"deployment-tool":"cli-firebase","deployment-callable":"true","firebase-functions-hash":"84864cd7b62f3eef430988455473344df9acc23d"},"httpsTrigger":{"securityLevel":"SECURE_ALWAYS"},"minInstances":null,"maxInstances":null,"ingressSettings":null,"environmentVariables":{"FIREBASE_CONFIG":"{\"projectId\":\"panda-talent-marketplace\",\"storageBucket\":\"panda-talent-marketplace.firebasestorage.app\"}","GCLOUD_PROJECT":"panda-talent-marketplace","EVENTARC_CLOUD_EVENT_SOURCE":"projects/panda-talent-marketplace/locations/us-central1/functions/finalizeSignup"},"serviceAccountEmail":null,"availableMemoryMb":null,"timeout":null,"vpcConnector":null,"vpcConnectorEgressSettings":null,"sourceToken":"6a8494d7-48f5-4bbd-831c-722e6309eab9","buildEnvironmentVariables":{"GOOGLE_NODE_RUN_SCRIPTS":""}}
[debug] [2025-12-19T09:49:34.355Z] <<< [apiv2][status] POST https://cloudfunctions.googleapis.com/v1/projects/panda-talent-marketplace/locations/us-central1/functions 200
[debug] [2025-12-19T09:49:34.355Z] <<< [apiv2][body] POST https://cloudfunctions.googleapis.com/v1/projects/panda-talent-marketplace/locations/us-central1/functions {"name":"operations/cHJvamVjdHMvcGFuZGEtdGFsZW50LW1hcmtldHBsYWNlL2xvY2F0aW9ucy91cy1jZW50cmFsMS9vcGVyYXRpb25zL29wZXJhdGlvbi0xNzY2MTM3NzczODkyLTY0NjRhZmVhMzI0OGItMzRlYzcxZmEtMjQ0OGM1MGI","metadata":{"@type":"type.googleapis.com/google.cloud.functions.v1.OperationMetadataV1","target":"projects/panda-talent-marketplace/locations/us-central1/functions/finalizeSignup","updateTime":"2025-12-19T09:49:34.253066604Z"}}
[debug] [2025-12-19T09:49:34.356Z] Checked if tokens are valid: true, expires at: 1766141201806
[debug] [2025-12-19T09:49:34.356Z] Checked if tokens are valid: true, expires at: 1766141201806
[debug] [2025-12-19T09:49:34.357Z] >>> [apiv2][query] GET https://cloudfunctions.googleapis.com/v1/operations/cHJvamVjdHMvcGFuZGEtdGFsZW50LW1hcmtldHBsYWNlL2xvY2F0aW9ucy91cy1jZW50cmFsMS9vcGVyYXRpb25zL29wZXJhdGlvbi0xNzY2MTM3NzczODkyLTY0NjRhZmVhMzI0OGItMzRlYzcxZmEtMjQ0OGM1MGI [none]
[debug] [2025-12-19T09:49:34.739Z] <<< [apiv2][status] GET https://cloudfunctions.googleapis.com/v1/operations/cHJvamVjdHMvcGFuZGEtdGFsZW50LW1hcmtldHBsYWNlL2xvY2F0aW9ucy91cy1jZW50cmFsMS9vcGVyYXRpb25zL29wZXJhdGlvbi0xNzY2MTM3NzczODkyLTY0NjRhZmVhMzI0OGItMzRlYzcxZmEtMjQ0OGM1MGI 200
[debug] [2025-12-19T09:49:34.740Z] <<< [apiv2][body] GET https://cloudfunctions.googleapis.com/v1/operations/cHJvamVjdHMvcGFuZGEtdGFsZW50LW1hcmtldHBsYWNlL2xvY2F0aW9ucy91cy1jZW50cmFsMS9vcGVyYXRpb25zL29wZXJhdGlvbi0xNzY2MTM3NzczODkyLTY0NjRhZmVhMzI0OGItMzRlYzcxZmEtMjQ0OGM1MGI {"name":"operations/cHJvamVjdHMvcGFuZGEtdGFsZW50LW1hcmtldHBsYWNlL2xvY2F0aW9ucy91cy1jZW50cmFsMS9vcGVyYXRpb25zL29wZXJhdGlvbi0xNzY2MTM3NzczODkyLTY0NjRhZmVhMzI0OGItMzRlYzcxZmEtMjQ0OGM1MGI","metadata":{"@type":"type.googleapis.com/google.cloud.functions.v1.OperationMetadataV1","target":"projects/panda-talent-marketplace/locations/us-central1/functions/finalizeSignup","updateTime":"2025-12-19T09:49:34.253066604Z"}}
[debug] [2025-12-19T09:49:35.246Z] [create-default-us-central1-finalizeSignup] Retrying task index 0
[debug] [2025-12-19T09:49:35.247Z] Checked if tokens are valid: true, expires at: 1766141201806
[debug] [2025-12-19T09:49:35.248Z] Checked if tokens are valid: true, expires at: 1766141201806
[debug] [2025-12-19T09:49:35.249Z] >>> [apiv2][query] GET https://cloudfunctions.googleapis.com/v1/operations/cHJvamVjdHMvcGFuZGEtdGFsZW50LW1hcmtldHBsYWNlL2xvY2F0aW9ucy91cy1jZW50cmFsMS9vcGVyYXRpb25zL29wZXJhdGlvbi0xNzY2MTM3NzczODkyLTY0NjRhZmVhMzI0OGItMzRlYzcxZmEtMjQ0OGM1MGI [none]
[debug] [2025-12-19T09:49:35.544Z] <<< [apiv2][status] GET https://cloudfunctions.googleapis.com/v1/operations/cHJvamVjdHMvcGFuZGEtdGFsZW50LW1hcmtldHBsYWNlL2xvY2F0aW9ucy91cy1jZW50cmFsMS9vcGVyYXRpb25zL29wZXJhdGlvbi0xNzY2MTM3NzczODkyLTY0NjRhZmVhMzI0OGItMzRlYzcxZmEtMjQ0OGM1MGI 200
[debug] [2025-12-19T09:49:35.545Z] <<< [apiv2][body] GET https://cloudfunctions.googleapis.com/v1/operations/cHJvamVjdHMvcGFuZGEtdGFsZW50LW1hcmtldHBsYWNlL2xvY2F0aW9ucy91cy1jZW50cmFsMS9vcGVyYXRpb25zL29wZXJhdGlvbi0xNzY2MTM3NzczODkyLTY0NjRhZmVhMzI0OGItMzRlYzcxZmEtMjQ0OGM1MGI {"name":"operations/cHJvamVjdHMvcGFuZGEtdGFsZW50LW1hcmtldHBsYWNlL2xvY2F0aW9ucy91cy1jZW50cmFsMS9vcGVyYXRpb25zL29wZXJhdGlvbi0xNzY2MTM3NzczODkyLTY0NjRhZmVhMzI0OGItMzRlYzcxZmEtMjQ0OGM1MGI","metadata":{"@type":"type.googleapis.com/google.cloud.functions.v1.OperationMetadataV1","target":"projects/panda-talent-marketplace/locations/us-central1/functions/finalizeSignup","type":"CREATE_FUNCTION","request":{"@type":"type.googleapis.com/google.cloud.functions.v1.CloudFunction","name":"projects/panda-talent-marketplace/locations/us-central1/functions/finalizeSignup","httpsTrigger":{"securityLevel":"SECURE_ALWAYS"},"entryPoint":"finalizeSignup","updateTime":"1970-01-01T00:00:00Z","labels":{"deployment-tool":"cli-firebase","deployment-callable":"true","firebase-functions-hash":"84864cd7b62f3eef430988455473344df9acc23d"},"sourceUploadUrl":"https://storage.googleapis.com/uploads-77412868218.us-central1.cloudfunctions.appspot.com/a7af4da7-6dbd-42c6-b3d4-54432835c74d.zip?GoogleAccessId=service-650077618856@gcf-admin-robot.iam.gserviceaccount.com&Expires=1766139509&Signature=gUgForbnNllay%2Bbo3jslvUapSmbuGcKoxleMJKppzFjMiAmj5W1tYUIyNLHuPtZzISaHLJA2pEqLnPKNG%2FrG5SyiRCAuxrDQuHJRk8W0tygHW7Jf%2FQMgd2FTLBKTZwJbI8DBncXnapnD6OGwRtftMvxJkM1lai28iWR4XX9iXciWItkahre%2FMQQm0s641L3pNwhOOlj8sGiOxCvYqdtwPMPZWbxAwcyJyr34ADyWHuvpMYha3WSeNg%2B4Gq3Ic5%2BQVQ%2BpCD2Db3%2BOSnqgv%2BmlD%2BHWlj9tU51ldw62%2BtQYOvTPwzqVaBKGZkLBQlk2CsM7r1dONgxBmgXa25UaFEBgGg%3D%3D","environmentVariables":{"FIREBASE_CONFIG":"{\"projectId\":\"panda-talent-marketplace\",\"storageBucket\":\"panda-talent-marketplace.firebasestorage.app\"}","GCLOUD_PROJECT":"panda-talent-marketplace","EVENTARC_CLOUD_EVENT_SOURCE":"projects/panda-talent-marketplace/locations/us-central1/functions/finalizeSignup"},"runtime":"nodejs22","buildEnvironmentVariables":{"GOOGLE_NODE_RUN_SCRIPTS":""},"sourceToken":"6a8494d7-48f5-4bbd-831c-722e6309eab9","dockerRegistry":"ARTIFACT_REGISTRY"},"versionId":"1","updateTime":"2025-12-19T09:49:34.253066604Z","sourceToken":"6a8494d7-48f5-4bbd-831c-722e6309eab9"}}
[debug] [2025-12-19T09:49:35.546Z] Got source token 6a8494d7-48f5-4bbd-831c-722e6309eab9 for region us-central1
[debug] [2025-12-19T09:49:36.550Z] [create-default-us-central1-finalizeSignup] Retrying task index 0
[debug] [2025-12-19T09:49:36.551Z] Checked if tokens are valid: true, expires at: 1766141201806
[debug] [2025-12-19T09:49:36.552Z] Checked if tokens are valid: true, expires at: 1766141201806
[debug] [2025-12-19T09:49:36.553Z] >>> [apiv2][query] GET https://cloudfunctions.googleapis.com/v1/operations/cHJvamVjdHMvcGFuZGEtdGFsZW50LW1hcmtldHBsYWNlL2xvY2F0aW9ucy91cy1jZW50cmFsMS9vcGVyYXRpb25zL29wZXJhdGlvbi0xNzY2MTM3NzczODkyLTY0NjRhZmVhMzI0OGItMzRlYzcxZmEtMjQ0OGM1MGI [none]
[debug] [2025-12-19T09:49:37.014Z] <<< [apiv2][status] GET https://cloudfunctions.googleapis.com/v1/operations/cHJvamVjdHMvcGFuZGEtdGFsZW50LW1hcmtldHBsYWNlL2xvY2F0aW9ucy91cy1jZW50cmFsMS9vcGVyYXRpb25zL29wZXJhdGlvbi0xNzY2MTM3NzczODkyLTY0NjRhZmVhMzI0OGItMzRlYzcxZmEtMjQ0OGM1MGI 200
[debug] [2025-12-19T09:49:37.015Z] <<< [apiv2][body] GET https://cloudfunctions.googleapis.com/v1/operations/cHJvamVjdHMvcGFuZGEtdGFsZW50LW1hcmtldHBsYWNlL2xvY2F0aW9ucy91cy1jZW50cmFsMS9vcGVyYXRpb25zL29wZXJhdGlvbi0xNzY2MTM3NzczODkyLTY0NjRhZmVhMzI0OGItMzRlYzcxZmEtMjQ0OGM1MGI {"name":"operations/cHJvamVjdHMvcGFuZGEtdGFsZW50LW1hcmtldHBsYWNlL2xvY2F0aW9ucy91cy1jZW50cmFsMS9vcGVyYXRpb25zL29wZXJhdGlvbi0xNzY2MTM3NzczODkyLTY0NjRhZmVhMzI0OGItMzRlYzcxZmEtMjQ0OGM1MGI","metadata":{"@type":"type.googleapis.com/google.cloud.functions.v1.OperationMetadataV1","target":"projects/panda-talent-marketplace/locations/us-central1/functions/finalizeSignup","type":"CREATE_FUNCTION","request":{"@type":"type.googleapis.com/google.cloud.functions.v1.CloudFunction","name":"projects/panda-talent-marketplace/locations/us-central1/functions/finalizeSignup","httpsTrigger":{"securityLevel":"SECURE_ALWAYS"},"entryPoint":"finalizeSignup","updateTime":"1970-01-01T00:00:00Z","labels":{"deployment-tool":"cli-firebase","deployment-callable":"true","firebase-functions-hash":"84864cd7b62f3eef430988455473344df9acc23d"},"sourceUploadUrl":"https://storage.googleapis.com/uploads-77412868218.us-central1.cloudfunctions.appspot.com/a7af4da7-6dbd-42c6-b3d4-54432835c74d.zip?GoogleAccessId=service-650077618856@gcf-admin-robot.iam.gserviceaccount.com&Expires=1766139509&Signature=gUgForbnNllay%2Bbo3jslvUapSmbuGcKoxleMJKppzFjMiAmj5W1tYUIyNLHuPtZzISaHLJA2pEqLnPKNG%2FrG5SyiRCAuxrDQuHJRk8W0tygHW7Jf%2FQMgd2FTLBKTZwJbI8DBncXnapnD6OGwRtftMvxJkM1lai28iWR4XX9iXciWItkahre%2FMQQm0s641L3pNwhOOlj8sGiOxCvYqdtwPMPZWbxAwcyJyr34ADyWHuvpMYha3WSeNg%2B4Gq3Ic5%2BQVQ%2BpCD2Db3%2BOSnqgv%2BmlD%2BHWlj9tU51ldw62%2BtQYOvTPwzqVaBKGZkLBQlk2CsM7r1dONgxBmgXa25UaFEBgGg%3D%3D","environmentVariables":{"FIREBASE_CONFIG":"{\"projectId\":\"panda-talent-marketplace\",\"storageBucket\":\"panda-talent-marketplace.firebasestorage.app\"}","GCLOUD_PROJECT":"panda-talent-marketplace","EVENTARC_CLOUD_EVENT_SOURCE":"projects/panda-talent-marketplace/locations/us-central1/functions/finalizeSignup"},"runtime":"nodejs22","buildEnvironmentVariables":{"GOOGLE_NODE_RUN_SCRIPTS":""},"sourceToken":"6a8494d7-48f5-4bbd-831c-722e6309eab9","dockerRegistry":"ARTIFACT_REGISTRY"},"versionId":"1","updateTime":"2025-12-19T09:49:34.253066604Z","sourceToken":"6a8494d7-48f5-4bbd-831c-722e6309eab9"}}
[debug] [2025-12-19T09:49:37.016Z] Got source token 6a8494d7-48f5-4bbd-831c-722e6309eab9 for region us-central1
[debug] [2025-12-19T09:49:39.025Z] [create-default-us-central1-finalizeSignup] Retrying task index 0
[debug] [2025-12-19T09:49:39.026Z] Checked if tokens are valid: true, expires at: 1766141201806
[debug] [2025-12-19T09:49:39.026Z] Checked if tokens are valid: true, expires at: 1766141201806
[debug] [2025-12-19T09:49:39.027Z] >>> [apiv2][query] GET https://cloudfunctions.googleapis.com/v1/operations/cHJvamVjdHMvcGFuZGEtdGFsZW50LW1hcmtldHBsYWNlL2xvY2F0aW9ucy91cy1jZW50cmFsMS9vcGVyYXRpb25zL29wZXJhdGlvbi0xNzY2MTM3NzczODkyLTY0NjRhZmVhMzI0OGItMzRlYzcxZmEtMjQ0OGM1MGI [none]
[debug] [2025-12-19T09:49:39.324Z] <<< [apiv2][status] GET https://cloudfunctions.googleapis.com/v1/operations/cHJvamVjdHMvcGFuZGEtdGFsZW50LW1hcmtldHBsYWNlL2xvY2F0aW9ucy91cy1jZW50cmFsMS9vcGVyYXRpb25zL29wZXJhdGlvbi0xNzY2MTM3NzczODkyLTY0NjRhZmVhMzI0OGItMzRlYzcxZmEtMjQ0OGM1MGI 200
[debug] [2025-12-19T09:49:39.325Z] <<< [apiv2][body] GET https://cloudfunctions.googleapis.com/v1/operations/cHJvamVjdHMvcGFuZGEtdGFsZW50LW1hcmtldHBsYWNlL2xvY2F0aW9ucy91cy1jZW50cmFsMS9vcGVyYXRpb25zL29wZXJhdGlvbi0xNzY2MTM3NzczODkyLTY0NjRhZmVhMzI0OGItMzRlYzcxZmEtMjQ0OGM1MGI {"name":"operations/cHJvamVjdHMvcGFuZGEtdGFsZW50LW1hcmtldHBsYWNlL2xvY2F0aW9ucy91cy1jZW50cmFsMS9vcGVyYXRpb25zL29wZXJhdGlvbi0xNzY2MTM3NzczODkyLTY0NjRhZmVhMzI0OGItMzRlYzcxZmEtMjQ0OGM1MGI","metadata":{"@type":"type.googleapis.com/google.cloud.functions.v1.OperationMetadataV1","target":"projects/panda-talent-marketplace/locations/us-central1/functions/finalizeSignup","type":"CREATE_FUNCTION","request":{"@type":"type.googleapis.com/google.cloud.functions.v1.CloudFunction","name":"projects/panda-talent-marketplace/locations/us-central1/functions/finalizeSignup","httpsTrigger":{"securityLevel":"SECURE_ALWAYS"},"entryPoint":"finalizeSignup","updateTime":"1970-01-01T00:00:00Z","labels":{"deployment-tool":"cli-firebase","deployment-callable":"true","firebase-functions-hash":"84864cd7b62f3eef430988455473344df9acc23d"},"sourceUploadUrl":"https://storage.googleapis.com/uploads-77412868218.us-central1.cloudfunctions.appspot.com/a7af4da7-6dbd-42c6-b3d4-54432835c74d.zip?GoogleAccessId=service-650077618856@gcf-admin-robot.iam.gserviceaccount.com&Expires=1766139509&Signature=gUgForbnNllay%2Bbo3jslvUapSmbuGcKoxleMJKppzFjMiAmj5W1tYUIyNLHuPtZzISaHLJA2pEqLnPKNG%2FrG5SyiRCAuxrDQuHJRk8W0tygHW7Jf%2FQMgd2FTLBKTZwJbI8DBncXnapnD6OGwRtftMvxJkM1lai28iWR4XX9iXciWItkahre%2FMQQm0s641L3pNwhOOlj8sGiOxCvYqdtwPMPZWbxAwcyJyr34ADyWHuvpMYha3WSeNg%2B4Gq3Ic5%2BQVQ%2BpCD2Db3%2BOSnqgv%2BmlD%2BHWlj9tU51ldw62%2BtQYOvTPwzqVaBKGZkLBQlk2CsM7r1dONgxBmgXa25UaFEBgGg%3D%3D","environmentVariables":{"FIREBASE_CONFIG":"{\"projectId\":\"panda-talent-marketplace\",\"storageBucket\":\"panda-talent-marketplace.firebasestorage.app\"}","GCLOUD_PROJECT":"panda-talent-marketplace","EVENTARC_CLOUD_EVENT_SOURCE":"projects/panda-talent-marketplace/locations/us-central1/functions/finalizeSignup"},"runtime":"nodejs22","buildEnvironmentVariables":{"GOOGLE_NODE_RUN_SCRIPTS":""},"sourceToken":"6a8494d7-48f5-4bbd-831c-722e6309eab9","dockerRegistry":"ARTIFACT_REGISTRY"},"versionId":"1","updateTime":"2025-12-19T09:49:34.253066604Z","buildId":"f2bf2a45-2256-4473-844a-70a212105fdd","sourceToken":"6a8494d7-48f5-4bbd-831c-722e6309eab9","buildName":"projects/650077618856/locations/us-central1/builds/f2bf2a45-2256-4473-844a-70a212105fdd"}}
[debug] [2025-12-19T09:49:39.326Z] Got source token 6a8494d7-48f5-4bbd-831c-722e6309eab9 for region us-central1
[debug] [2025-12-19T09:49:43.328Z] [create-default-us-central1-finalizeSignup] Retrying task index 0
[debug] [2025-12-19T09:49:43.329Z] Checked if tokens are valid: true, expires at: 1766141201806
[debug] [2025-12-19T09:49:43.330Z] Checked if tokens are valid: true, expires at: 1766141201806
[debug] [2025-12-19T09:49:43.330Z] >>> [apiv2][query] GET https://cloudfunctions.googleapis.com/v1/operations/cHJvamVjdHMvcGFuZGEtdGFsZW50LW1hcmtldHBsYWNlL2xvY2F0aW9ucy91cy1jZW50cmFsMS9vcGVyYXRpb25zL29wZXJhdGlvbi0xNzY2MTM3NzczODkyLTY0NjRhZmVhMzI0OGItMzRlYzcxZmEtMjQ0OGM1MGI [none]
[debug] [2025-12-19T09:49:43.597Z] <<< [apiv2][status] GET https://cloudfunctions.googleapis.com/v1/operations/cHJvamVjdHMvcGFuZGEtdGFsZW50LW1hcmtldHBsYWNlL2xvY2F0aW9ucy91cy1jZW50cmFsMS9vcGVyYXRpb25zL29wZXJhdGlvbi0xNzY2MTM3NzczODkyLTY0NjRhZmVhMzI0OGItMzRlYzcxZmEtMjQ0OGM1MGI 200
[debug] [2025-12-19T09:49:43.597Z] <<< [apiv2][body] GET https://cloudfunctions.googleapis.com/v1/operations/cHJvamVjdHMvcGFuZGEtdGFsZW50LW1hcmtldHBsYWNlL2xvY2F0aW9ucy91cy1jZW50cmFsMS9vcGVyYXRpb25zL29wZXJhdGlvbi0xNzY2MTM3NzczODkyLTY0NjRhZmVhMzI0OGItMzRlYzcxZmEtMjQ0OGM1MGI {"name":"operations/cHJvamVjdHMvcGFuZGEtdGFsZW50LW1hcmtldHBsYWNlL2xvY2F0aW9ucy91cy1jZW50cmFsMS9vcGVyYXRpb25zL29wZXJhdGlvbi0xNzY2MTM3NzczODkyLTY0NjRhZmVhMzI0OGItMzRlYzcxZmEtMjQ0OGM1MGI","metadata":{"@type":"type.googleapis.com/google.cloud.functions.v1.OperationMetadataV1","target":"projects/panda-talent-marketplace/locations/us-central1/functions/finalizeSignup","type":"CREATE_FUNCTION","request":{"@type":"type.googleapis.com/google.cloud.functions.v1.CloudFunction","name":"projects/panda-talent-marketplace/locations/us-central1/functions/finalizeSignup","httpsTrigger":{"securityLevel":"SECURE_ALWAYS"},"entryPoint":"finalizeSignup","updateTime":"1970-01-01T00:00:00Z","labels":{"deployment-tool":"cli-firebase","deployment-callable":"true","firebase-functions-hash":"84864cd7b62f3eef430988455473344df9acc23d"},"sourceUploadUrl":"https://storage.googleapis.com/uploads-77412868218.us-central1.cloudfunctions.appspot.com/a7af4da7-6dbd-42c6-b3d4-54432835c74d.zip?GoogleAccessId=service-650077618856@gcf-admin-robot.iam.gserviceaccount.com&Expires=1766139509&Signature=gUgForbnNllay%2Bbo3jslvUapSmbuGcKoxleMJKppzFjMiAmj5W1tYUIyNLHuPtZzISaHLJA2pEqLnPKNG%2FrG5SyiRCAuxrDQuHJRk8W0tygHW7Jf%2FQMgd2FTLBKTZwJbI8DBncXnapnD6OGwRtftMvxJkM1lai28iWR4XX9iXciWItkahre%2FMQQm0s641L3pNwhOOlj8sGiOxCvYqdtwPMPZWbxAwcyJyr34ADyWHuvpMYha3WSeNg%2B4Gq3Ic5%2BQVQ%2BpCD2Db3%2BOSnqgv%2BmlD%2BHWlj9tU51ldw62%2BtQYOvTPwzqVaBKGZkLBQlk2CsM7r1dONgxBmgXa25UaFEBgGg%3D%3D","environmentVariables":{"FIREBASE_CONFIG":"{\"projectId\":\"panda-talent-marketplace\",\"storageBucket\":\"panda-talent-marketplace.firebasestorage.app\"}","GCLOUD_PROJECT":"panda-talent-marketplace","EVENTARC_CLOUD_EVENT_SOURCE":"projects/panda-talent-marketplace/locations/us-central1/functions/finalizeSignup"},"runtime":"nodejs22","buildEnvironmentVariables":{"GOOGLE_NODE_RUN_SCRIPTS":""},"sourceToken":"6a8494d7-48f5-4bbd-831c-722e6309eab9","dockerRegistry":"ARTIFACT_REGISTRY"},"versionId":"1","updateTime":"2025-12-19T09:49:34.253066604Z","buildId":"f2bf2a45-2256-4473-844a-70a212105fdd","sourceToken":"6a8494d7-48f5-4bbd-831c-722e6309eab9","buildName":"projects/650077618856/locations/us-central1/builds/f2bf2a45-2256-4473-844a-70a212105fdd"}}
[debug] [2025-12-19T09:49:43.598Z] Got source token 6a8494d7-48f5-4bbd-831c-722e6309eab9 for region us-central1
[debug] [2025-12-19T09:49:43.611Z] [create-default-us-central1-processSignUp] Retrying task index 0
[debug] [2025-12-19T09:49:43.612Z] Checked if tokens are valid: true, expires at: 1766141201806
[debug] [2025-12-19T09:49:43.612Z] Checked if tokens are valid: true, expires at: 1766141201806
[debug] [2025-12-19T09:49:43.612Z] >>> [apiv2][query] GET https://cloudfunctions.googleapis.com/v1/operations/cHJvamVjdHMvcGFuZGEtdGFsZW50LW1hcmtldHBsYWNlL2xvY2F0aW9ucy91cy1jZW50cmFsMS9vcGVyYXRpb25zL29wZXJhdGlvbi0xNzY2MTM3NzEwNDQyLTY0NjRhZmFkYWY3YmYtMTRiNzg2ZjQtZWJiOTlhM2Y [none]
[debug] [2025-12-19T09:49:43.903Z] <<< [apiv2][status] GET https://cloudfunctions.googleapis.com/v1/operations/cHJvamVjdHMvcGFuZGEtdGFsZW50LW1hcmtldHBsYWNlL2xvY2F0aW9ucy91cy1jZW50cmFsMS9vcGVyYXRpb25zL29wZXJhdGlvbi0xNzY2MTM3NzEwNDQyLTY0NjRhZmFkYWY3YmYtMTRiNzg2ZjQtZWJiOTlhM2Y 200
[debug] [2025-12-19T09:49:43.904Z] <<< [apiv2][body] GET https://cloudfunctions.googleapis.com/v1/operations/cHJvamVjdHMvcGFuZGEtdGFsZW50LW1hcmtldHBsYWNlL2xvY2F0aW9ucy91cy1jZW50cmFsMS9vcGVyYXRpb25zL29wZXJhdGlvbi0xNzY2MTM3NzEwNDQyLTY0NjRhZmFkYWY3YmYtMTRiNzg2ZjQtZWJiOTlhM2Y {"name":"operations/cHJvamVjdHMvcGFuZGEtdGFsZW50LW1hcmtldHBsYWNlL2xvY2F0aW9ucy91cy1jZW50cmFsMS9vcGVyYXRpb25zL29wZXJhdGlvbi0xNzY2MTM3NzEwNDQyLTY0NjRhZmFkYWY3YmYtMTRiNzg2ZjQtZWJiOTlhM2Y","metadata":{"@type":"type.googleapis.com/google.cloud.functions.v1.OperationMetadataV1","target":"projects/panda-talent-marketplace/locations/us-central1/functions/processSignUp","type":"CREATE_FUNCTION","request":{"@type":"type.googleapis.com/google.cloud.functions.v1.CloudFunction","name":"projects/panda-talent-marketplace/locations/us-central1/functions/processSignUp","eventTrigger":{"eventType":"providers/firebase.auth/eventTypes/user.create","resource":"projects/panda-talent-marketplace","failurePolicy":{}},"entryPoint":"processSignUp","updateTime":"1970-01-01T00:00:00Z","labels":{"deployment-tool":"cli-firebase","firebase-functions-hash":"84864cd7b62f3eef430988455473344df9acc23d"},"sourceUploadUrl":"https://storage.googleapis.com/uploads-77412868218.us-central1.cloudfunctions.appspot.com/a7af4da7-6dbd-42c6-b3d4-54432835c74d.zip?GoogleAccessId=service-650077618856@gcf-admin-robot.iam.gserviceaccount.com&Expires=1766139509&Signature=gUgForbnNllay%2Bbo3jslvUapSmbuGcKoxleMJKppzFjMiAmj5W1tYUIyNLHuPtZzISaHLJA2pEqLnPKNG%2FrG5SyiRCAuxrDQuHJRk8W0tygHW7Jf%2FQMgd2FTLBKTZwJbI8DBncXnapnD6OGwRtftMvxJkM1lai28iWR4XX9iXciWItkahre%2FMQQm0s641L3pNwhOOlj8sGiOxCvYqdtwPMPZWbxAwcyJyr34ADyWHuvpMYha3WSeNg%2B4Gq3Ic5%2BQVQ%2BpCD2Db3%2BOSnqgv%2BmlD%2BHWlj9tU51ldw62%2BtQYOvTPwzqVaBKGZkLBQlk2CsM7r1dONgxBmgXa25UaFEBgGg%3D%3D","environmentVariables":{"FIREBASE_CONFIG":"{\"projectId\":\"panda-talent-marketplace\",\"storageBucket\":\"panda-talent-marketplace.firebasestorage.app\"}","GCLOUD_PROJECT":"panda-talent-marketplace","EVENTARC_CLOUD_EVENT_SOURCE":"projects/panda-talent-marketplace/locations/us-central1/functions/processSignUp"},"runtime":"nodejs22","buildEnvironmentVariables":{"GOOGLE_NODE_RUN_SCRIPTS":""},"dockerRegistry":"ARTIFACT_REGISTRY"},"versionId":"1","updateTime":"2025-12-19T09:48:30.861581939Z","buildId":"f2bf2a45-2256-4473-844a-70a212105fdd","sourceToken":"6a8494d7-48f5-4bbd-831c-722e6309eab9","buildName":"projects/650077618856/locations/us-central1/builds/f2bf2a45-2256-4473-844a-70a212105fdd"}}
[debug] [2025-12-19T09:49:43.905Z] Got source token 6a8494d7-48f5-4bbd-831c-722e6309eab9 for region us-central1
[debug] [2025-12-19T09:49:51.599Z] [create-default-us-central1-finalizeSignup] Retrying task index 0
[debug] [2025-12-19T09:49:51.600Z] Checked if tokens are valid: true, expires at: 1766141201806
[debug] [2025-12-19T09:49:51.600Z] Checked if tokens are valid: true, expires at: 1766141201806
[debug] [2025-12-19T09:49:51.601Z] >>> [apiv2][query] GET https://cloudfunctions.googleapis.com/v1/operations/cHJvamVjdHMvcGFuZGEtdGFsZW50LW1hcmtldHBsYWNlL2xvY2F0aW9ucy91cy1jZW50cmFsMS9vcGVyYXRpb25zL29wZXJhdGlvbi0xNzY2MTM3NzczODkyLTY0NjRhZmVhMzI0OGItMzRlYzcxZmEtMjQ0OGM1MGI [none]
[debug] [2025-12-19T09:49:52.317Z] <<< [apiv2][status] GET https://cloudfunctions.googleapis.com/v1/operations/cHJvamVjdHMvcGFuZGEtdGFsZW50LW1hcmtldHBsYWNlL2xvY2F0aW9ucy91cy1jZW50cmFsMS9vcGVyYXRpb25zL29wZXJhdGlvbi0xNzY2MTM3NzczODkyLTY0NjRhZmVhMzI0OGItMzRlYzcxZmEtMjQ0OGM1MGI 200
[debug] [2025-12-19T09:49:52.318Z] <<< [apiv2][body] GET https://cloudfunctions.googleapis.com/v1/operations/cHJvamVjdHMvcGFuZGEtdGFsZW50LW1hcmtldHBsYWNlL2xvY2F0aW9ucy91cy1jZW50cmFsMS9vcGVyYXRpb25zL29wZXJhdGlvbi0xNzY2MTM3NzczODkyLTY0NjRhZmVhMzI0OGItMzRlYzcxZmEtMjQ0OGM1MGI {"name":"operations/cHJvamVjdHMvcGFuZGEtdGFsZW50LW1hcmtldHBsYWNlL2xvY2F0aW9ucy91cy1jZW50cmFsMS9vcGVyYXRpb25zL29wZXJhdGlvbi0xNzY2MTM3NzczODkyLTY0NjRhZmVhMzI0OGItMzRlYzcxZmEtMjQ0OGM1MGI","metadata":{"@type":"type.googleapis.com/google.cloud.functions.v1.OperationMetadataV1","target":"projects/panda-talent-marketplace/locations/us-central1/functions/finalizeSignup","type":"CREATE_FUNCTION","request":{"@type":"type.googleapis.com/google.cloud.functions.v1.CloudFunction","name":"projects/panda-talent-marketplace/locations/us-central1/functions/finalizeSignup","httpsTrigger":{"securityLevel":"SECURE_ALWAYS"},"entryPoint":"finalizeSignup","updateTime":"1970-01-01T00:00:00Z","labels":{"deployment-tool":"cli-firebase","deployment-callable":"true","firebase-functions-hash":"84864cd7b62f3eef430988455473344df9acc23d"},"sourceUploadUrl":"https://storage.googleapis.com/uploads-77412868218.us-central1.cloudfunctions.appspot.com/a7af4da7-6dbd-42c6-b3d4-54432835c74d.zip?GoogleAccessId=service-650077618856@gcf-admin-robot.iam.gserviceaccount.com&Expires=1766139509&Signature=gUgForbnNllay%2Bbo3jslvUapSmbuGcKoxleMJKppzFjMiAmj5W1tYUIyNLHuPtZzISaHLJA2pEqLnPKNG%2FrG5SyiRCAuxrDQuHJRk8W0tygHW7Jf%2FQMgd2FTLBKTZwJbI8DBncXnapnD6OGwRtftMvxJkM1lai28iWR4XX9iXciWItkahre%2FMQQm0s641L3pNwhOOlj8sGiOxCvYqdtwPMPZWbxAwcyJyr34ADyWHuvpMYha3WSeNg%2B4Gq3Ic5%2BQVQ%2BpCD2Db3%2BOSnqgv%2BmlD%2BHWlj9tU51ldw62%2BtQYOvTPwzqVaBKGZkLBQlk2CsM7r1dONgxBmgXa25UaFEBgGg%3D%3D","environmentVariables":{"FIREBASE_CONFIG":"{\"projectId\":\"panda-talent-marketplace\",\"storageBucket\":\"panda-talent-marketplace.firebasestorage.app\"}","GCLOUD_PROJECT":"panda-talent-marketplace","EVENTARC_CLOUD_EVENT_SOURCE":"projects/panda-talent-marketplace/locations/us-central1/functions/finalizeSignup"},"runtime":"nodejs22","buildEnvironmentVariables":{"GOOGLE_NODE_RUN_SCRIPTS":""},"sourceToken":"6a8494d7-48f5-4bbd-831c-722e6309eab9","dockerRegistry":"ARTIFACT_REGISTRY"},"versionId":"1","updateTime":"2025-12-19T09:49:49.490543519Z","buildId":"f2bf2a45-2256-4473-844a-70a212105fdd","sourceToken":"6a8494d7-48f5-4bbd-831c-722e6309eab9","buildName":"projects/650077618856/locations/us-central1/builds/f2bf2a45-2256-4473-844a-70a212105fdd"},"done":true,"response":{"@type":"type.googleapis.com/google.cloud.functions.v1.CloudFunction","name":"projects/panda-talent-marketplace/locations/us-central1/functions/finalizeSignup","httpsTrigger":{"url":"https://us-central1-panda-talent-marketplace.cloudfunctions.net/finalizeSignup","securityLevel":"SECURE_ALWAYS"},"status":"ACTIVE","entryPoint":"finalizeSignup","timeout":"60s","availableMemoryMb":256,"serviceAccountEmail":"panda-talent-marketplace@appspot.gserviceaccount.com","updateTime":"2025-12-19T09:49:34.249302554Z","versionId":"1","labels":{"deployment-tool":"cli-firebase","deployment-callable":"true","firebase-functions-hash":"84864cd7b62f3eef430988455473344df9acc23d"},"sourceUploadUrl":"https://storage.googleapis.com/uploads-77412868218.us-central1.cloudfunctions.appspot.com/a7af4da7-6dbd-42c6-b3d4-54432835c74d.zip","environmentVariables":{"FIREBASE_CONFIG":"{\"projectId\":\"panda-talent-marketplace\",\"storageBucket\":\"panda-talent-marketplace.firebasestorage.app\"}","GCLOUD_PROJECT":"panda-talent-marketplace","EVENTARC_CLOUD_EVENT_SOURCE":"projects/panda-talent-marketplace/locations/us-central1/functions/finalizeSignup"},"runtime":"nodejs22","ingressSettings":"ALLOW_ALL","buildId":"f2bf2a45-2256-4473-844a-70a212105fdd","buildEnvironmentVariables":{"GOOGLE_NODE_RUN_SCRIPTS":""},"buildName":"projects/650077618856/locations/us-central1/builds/f2bf2a45-2256-4473-844a-70a212105fdd","dockerRegistry":"ARTIFACT_REGISTRY","automaticUpdatePolicy":{},"buildServiceAccount":"projects/panda-talent-marketplace/serviceAccounts/650077618856-compute@developer.gserviceaccount.com","satisfiesPzi":true}}
[debug] [2025-12-19T09:49:52.319Z] Got source token 6a8494d7-48f5-4bbd-831c-722e6309eab9 for region us-central1
[debug] [2025-12-19T09:49:52.321Z] Checked if tokens are valid: true, expires at: 1766141201806
[debug] [2025-12-19T09:49:52.322Z] Checked if tokens are valid: true, expires at: 1766141201806
[debug] [2025-12-19T09:49:52.322Z] >>> [apiv2][query] POST https://cloudfunctions.googleapis.com/v1/projects/panda-talent-marketplace/locations/us-central1/functions/finalizeSignup:setIamPolicy [none]
[debug] [2025-12-19T09:49:52.322Z] >>> [apiv2][body] POST https://cloudfunctions.googleapis.com/v1/projects/panda-talent-marketplace/locations/us-central1/functions/finalizeSignup:setIamPolicy {"policy":{"bindings":[{"role":"roles/cloudfunctions.invoker","members":["allUsers"]}],"etag":"","version":3},"updateMask":"bindings,etag,version"}
[debug] [2025-12-19T09:49:52.741Z] <<< [apiv2][status] POST https://cloudfunctions.googleapis.com/v1/projects/panda-talent-marketplace/locations/us-central1/functions/finalizeSignup:setIamPolicy 200
[debug] [2025-12-19T09:49:52.742Z] <<< [apiv2][body] POST https://cloudfunctions.googleapis.com/v1/projects/panda-talent-marketplace/locations/us-central1/functions/finalizeSignup:setIamPolicy {"version":1,"etag":"BwZGSv/Bj0g=","bindings":[{"role":"roles/cloudfunctions.invoker","members":["allUsers"]}]}
[info] +  functions[finalizeSignup(us-central1)] Successful create operation. 
[debug] [2025-12-19T09:49:53.918Z] [create-default-us-central1-processSignUp] Retrying task index 0
[debug] [2025-12-19T09:49:53.919Z] Checked if tokens are valid: true, expires at: 1766141201806
[debug] [2025-12-19T09:49:53.919Z] Checked if tokens are valid: true, expires at: 1766141201806
[debug] [2025-12-19T09:49:53.920Z] >>> [apiv2][query] GET https://cloudfunctions.googleapis.com/v1/operations/cHJvamVjdHMvcGFuZGEtdGFsZW50LW1hcmtldHBsYWNlL2xvY2F0aW9ucy91cy1jZW50cmFsMS9vcGVyYXRpb25zL29wZXJhdGlvbi0xNzY2MTM3NzEwNDQyLTY0NjRhZmFkYWY3YmYtMTRiNzg2ZjQtZWJiOTlhM2Y [none]
[debug] [2025-12-19T09:49:54.220Z] <<< [apiv2][status] GET https://cloudfunctions.googleapis.com/v1/operations/cHJvamVjdHMvcGFuZGEtdGFsZW50LW1hcmtldHBsYWNlL2xvY2F0aW9ucy91cy1jZW50cmFsMS9vcGVyYXRpb25zL29wZXJhdGlvbi0xNzY2MTM3NzEwNDQyLTY0NjRhZmFkYWY3YmYtMTRiNzg2ZjQtZWJiOTlhM2Y 200
[debug] [2025-12-19T09:49:54.221Z] <<< [apiv2][body] GET https://cloudfunctions.googleapis.com/v1/operations/cHJvamVjdHMvcGFuZGEtdGFsZW50LW1hcmtldHBsYWNlL2xvY2F0aW9ucy91cy1jZW50cmFsMS9vcGVyYXRpb25zL29wZXJhdGlvbi0xNzY2MTM3NzEwNDQyLTY0NjRhZmFkYWY3YmYtMTRiNzg2ZjQtZWJiOTlhM2Y {"name":"operations/cHJvamVjdHMvcGFuZGEtdGFsZW50LW1hcmtldHBsYWNlL2xvY2F0aW9ucy91cy1jZW50cmFsMS9vcGVyYXRpb25zL29wZXJhdGlvbi0xNzY2MTM3NzEwNDQyLTY0NjRhZmFkYWY3YmYtMTRiNzg2ZjQtZWJiOTlhM2Y","metadata":{"@type":"type.googleapis.com/google.cloud.functions.v1.OperationMetadataV1","target":"projects/panda-talent-marketplace/locations/us-central1/functions/processSignUp","type":"CREATE_FUNCTION","request":{"@type":"type.googleapis.com/google.cloud.functions.v1.CloudFunction","name":"projects/panda-talent-marketplace/locations/us-central1/functions/processSignUp","eventTrigger":{"eventType":"providers/firebase.auth/eventTypes/user.create","resource":"projects/panda-talent-marketplace","failurePolicy":{}},"entryPoint":"processSignUp","updateTime":"1970-01-01T00:00:00Z","labels":{"deployment-tool":"cli-firebase","firebase-functions-hash":"84864cd7b62f3eef430988455473344df9acc23d"},"sourceUploadUrl":"https://storage.googleapis.com/uploads-77412868218.us-central1.cloudfunctions.appspot.com/a7af4da7-6dbd-42c6-b3d4-54432835c74d.zip?GoogleAccessId=service-650077618856@gcf-admin-robot.iam.gserviceaccount.com&Expires=1766139509&Signature=gUgForbnNllay%2Bbo3jslvUapSmbuGcKoxleMJKppzFjMiAmj5W1tYUIyNLHuPtZzISaHLJA2pEqLnPKNG%2FrG5SyiRCAuxrDQuHJRk8W0tygHW7Jf%2FQMgd2FTLBKTZwJbI8DBncXnapnD6OGwRtftMvxJkM1lai28iWR4XX9iXciWItkahre%2FMQQm0s641L3pNwhOOlj8sGiOxCvYqdtwPMPZWbxAwcyJyr34ADyWHuvpMYha3WSeNg%2B4Gq3Ic5%2BQVQ%2BpCD2Db3%2BOSnqgv%2BmlD%2BHWlj9tU51ldw62%2BtQYOvTPwzqVaBKGZkLBQlk2CsM7r1dONgxBmgXa25UaFEBgGg%3D%3D","environmentVariables":{"FIREBASE_CONFIG":"{\"projectId\":\"panda-talent-marketplace\",\"storageBucket\":\"panda-talent-marketplace.firebasestorage.app\"}","GCLOUD_PROJECT":"panda-talent-marketplace","EVENTARC_CLOUD_EVENT_SOURCE":"projects/panda-talent-marketplace/locations/us-central1/functions/processSignUp"},"runtime":"nodejs22","buildEnvironmentVariables":{"GOOGLE_NODE_RUN_SCRIPTS":""},"dockerRegistry":"ARTIFACT_REGISTRY"},"versionId":"1","updateTime":"2025-12-19T09:48:30.861581939Z","buildId":"f2bf2a45-2256-4473-844a-70a212105fdd","sourceToken":"6a8494d7-48f5-4bbd-831c-722e6309eab9","buildName":"projects/650077618856/locations/us-central1/builds/f2bf2a45-2256-4473-844a-70a212105fdd"}}
[debug] [2025-12-19T09:49:54.222Z] Got source token 6a8494d7-48f5-4bbd-831c-722e6309eab9 for region us-central1
[debug] [2025-12-19T09:50:04.233Z] [create-default-us-central1-processSignUp] Retrying task index 0
[debug] [2025-12-19T09:50:04.235Z] Checked if tokens are valid: true, expires at: 1766141201806
[debug] [2025-12-19T09:50:04.236Z] Checked if tokens are valid: true, expires at: 1766141201806
[debug] [2025-12-19T09:50:04.236Z] >>> [apiv2][query] GET https://cloudfunctions.googleapis.com/v1/operations/cHJvamVjdHMvcGFuZGEtdGFsZW50LW1hcmtldHBsYWNlL2xvY2F0aW9ucy91cy1jZW50cmFsMS9vcGVyYXRpb25zL29wZXJhdGlvbi0xNzY2MTM3NzEwNDQyLTY0NjRhZmFkYWY3YmYtMTRiNzg2ZjQtZWJiOTlhM2Y [none]
[debug] [2025-12-19T09:50:04.841Z] <<< [apiv2][status] GET https://cloudfunctions.googleapis.com/v1/operations/cHJvamVjdHMvcGFuZGEtdGFsZW50LW1hcmtldHBsYWNlL2xvY2F0aW9ucy91cy1jZW50cmFsMS9vcGVyYXRpb25zL29wZXJhdGlvbi0xNzY2MTM3NzEwNDQyLTY0NjRhZmFkYWY3YmYtMTRiNzg2ZjQtZWJiOTlhM2Y 200
[debug] [2025-12-19T09:50:04.842Z] <<< [apiv2][body] GET https://cloudfunctions.googleapis.com/v1/operations/cHJvamVjdHMvcGFuZGEtdGFsZW50LW1hcmtldHBsYWNlL2xvY2F0aW9ucy91cy1jZW50cmFsMS9vcGVyYXRpb25zL29wZXJhdGlvbi0xNzY2MTM3NzEwNDQyLTY0NjRhZmFkYWY3YmYtMTRiNzg2ZjQtZWJiOTlhM2Y {"name":"operations/cHJvamVjdHMvcGFuZGEtdGFsZW50LW1hcmtldHBsYWNlL2xvY2F0aW9ucy91cy1jZW50cmFsMS9vcGVyYXRpb25zL29wZXJhdGlvbi0xNzY2MTM3NzEwNDQyLTY0NjRhZmFkYWY3YmYtMTRiNzg2ZjQtZWJiOTlhM2Y","metadata":{"@type":"type.googleapis.com/google.cloud.functions.v1.OperationMetadataV1","target":"projects/panda-talent-marketplace/locations/us-central1/functions/processSignUp","type":"CREATE_FUNCTION","request":{"@type":"type.googleapis.com/google.cloud.functions.v1.CloudFunction","name":"projects/panda-talent-marketplace/locations/us-central1/functions/processSignUp","eventTrigger":{"eventType":"providers/firebase.auth/eventTypes/user.create","resource":"projects/panda-talent-marketplace","failurePolicy":{}},"entryPoint":"processSignUp","updateTime":"1970-01-01T00:00:00Z","labels":{"deployment-tool":"cli-firebase","firebase-functions-hash":"84864cd7b62f3eef430988455473344df9acc23d"},"sourceUploadUrl":"https://storage.googleapis.com/uploads-77412868218.us-central1.cloudfunctions.appspot.com/a7af4da7-6dbd-42c6-b3d4-54432835c74d.zip?GoogleAccessId=service-650077618856@gcf-admin-robot.iam.gserviceaccount.com&Expires=1766139509&Signature=gUgForbnNllay%2Bbo3jslvUapSmbuGcKoxleMJKppzFjMiAmj5W1tYUIyNLHuPtZzISaHLJA2pEqLnPKNG%2FrG5SyiRCAuxrDQuHJRk8W0tygHW7Jf%2FQMgd2FTLBKTZwJbI8DBncXnapnD6OGwRtftMvxJkM1lai28iWR4XX9iXciWItkahre%2FMQQm0s641L3pNwhOOlj8sGiOxCvYqdtwPMPZWbxAwcyJyr34ADyWHuvpMYha3WSeNg%2B4Gq3Ic5%2BQVQ%2BpCD2Db3%2BOSnqgv%2BmlD%2BHWlj9tU51ldw62%2BtQYOvTPwzqVaBKGZkLBQlk2CsM7r1dONgxBmgXa25UaFEBgGg%3D%3D","environmentVariables":{"FIREBASE_CONFIG":"{\"projectId\":\"panda-talent-marketplace\",\"storageBucket\":\"panda-talent-marketplace.firebasestorage.app\"}","GCLOUD_PROJECT":"panda-talent-marketplace","EVENTARC_CLOUD_EVENT_SOURCE":"projects/panda-talent-marketplace/locations/us-central1/functions/processSignUp"},"runtime":"nodejs22","buildEnvironmentVariables":{"GOOGLE_NODE_RUN_SCRIPTS":""},"dockerRegistry":"ARTIFACT_REGISTRY"},"versionId":"1","updateTime":"2025-12-19T09:49:55.239992732Z","buildId":"f2bf2a45-2256-4473-844a-70a212105fdd","sourceToken":"6a8494d7-48f5-4bbd-831c-722e6309eab9","buildName":"projects/650077618856/locations/us-central1/builds/f2bf2a45-2256-4473-844a-70a212105fdd"},"done":true,"response":{"@type":"type.googleapis.com/google.cloud.functions.v1.CloudFunction","name":"projects/panda-talent-marketplace/locations/us-central1/functions/processSignUp","eventTrigger":{"eventType":"providers/firebase.auth/eventTypes/user.create","resource":"projects/panda-talent-marketplace","service":"firebaseauth.googleapis.com","failurePolicy":{}},"status":"ACTIVE","entryPoint":"processSignUp","timeout":"60s","availableMemoryMb":256,"serviceAccountEmail":"panda-talent-marketplace@appspot.gserviceaccount.com","updateTime":"2025-12-19T09:48:30.854153169Z","versionId":"1","labels":{"deployment-tool":"cli-firebase","firebase-functions-hash":"84864cd7b62f3eef430988455473344df9acc23d"},"sourceUploadUrl":"https://storage.googleapis.com/uploads-77412868218.us-central1.cloudfunctions.appspot.com/a7af4da7-6dbd-42c6-b3d4-54432835c74d.zip","environmentVariables":{"FIREBASE_CONFIG":"{\"projectId\":\"panda-talent-marketplace\",\"storageBucket\":\"panda-talent-marketplace.firebasestorage.app\"}","GCLOUD_PROJECT":"panda-talent-marketplace","EVENTARC_CLOUD_EVENT_SOURCE":"projects/panda-talent-marketplace/locations/us-central1/functions/processSignUp"},"runtime":"nodejs22","maxInstances":3000,"ingressSettings":"ALLOW_ALL","buildId":"f2bf2a45-2256-4473-844a-70a212105fdd","buildEnvironmentVariables":{"GOOGLE_NODE_RUN_SCRIPTS":""},"buildName":"projects/650077618856/locations/us-central1/builds/f2bf2a45-2256-4473-844a-70a212105fdd","dockerRegistry":"ARTIFACT_REGISTRY","automaticUpdatePolicy":{},"buildServiceAccount":"projects/panda-talent-marketplace/serviceAccounts/650077618856-compute@developer.gserviceaccount.com","satisfiesPzi":true}}
[debug] [2025-12-19T09:50:04.843Z] Got source token 6a8494d7-48f5-4bbd-831c-722e6309eab9 for region us-central1
[info] +  functions[processSignUp(us-central1)] Successful create operation. 
[debug] [2025-12-19T09:50:04.867Z] Total Function Deployment time: 94703
[debug] [2025-12-19T09:50:04.867Z] 2 Functions Deployed
[debug] [2025-12-19T09:50:04.867Z] 0 Functions Errored
[debug] [2025-12-19T09:50:04.868Z] 0 Function Deployments Aborted
[debug] [2025-12-19T09:50:04.868Z] Average Function Deployment time: 88649.5
[debug] [2025-12-19T09:50:05.311Z] Checked if tokens are valid: true, expires at: 1766141201806
[debug] [2025-12-19T09:50:05.312Z] Checked if tokens are valid: true, expires at: 1766141201806
[debug] [2025-12-19T09:50:05.313Z] >>> [apiv2][query] GET https://artifactregistry.googleapis.com/v1/projects/panda-talent-marketplace/locations/us-central1/repositories/gcf-artifacts [none]
[debug] [2025-12-19T09:50:06.385Z] <<< [apiv2][status] GET https://artifactregistry.googleapis.com/v1/projects/panda-talent-marketplace/locations/us-central1/repositories/gcf-artifacts 200
[debug] [2025-12-19T09:50:06.386Z] <<< [apiv2][body] GET https://artifactregistry.googleapis.com/v1/projects/panda-talent-marketplace/locations/us-central1/repositories/gcf-artifacts {"name":"projects/panda-talent-marketplace/locations/us-central1/repositories/gcf-artifacts","format":"DOCKER","description":"This repository is created and used by Cloud Functions for storing function docker images.","labels":{"goog-managed-by":"cloudfunctions"},"createTime":"2025-12-19T09:48:40.642132Z","updateTime":"2025-12-19T09:49:23.773439Z","mode":"STANDARD_REPOSITORY","sizeBytes":"517130192","vulnerabilityScanningConfig":{"lastEnableTime":"2025-12-19T09:48:32.509584276Z","enablementState":"SCANNING_DISABLED","enablementStateReason":"API containerscanning.googleapis.com is not enabled."},"satisfiesPzi":true,"registryUri":"us-central1-docker.pkg.dev/panda-talent-marketplace/gcf-artifacts"}
[warn] !  functions: No cleanup policy detected for repositories in us-central1. This may result in a small monthly bill as container images accumulate over time. 
[info] i  functions: Configuring cleanup policy for repository in us-central1. Images older than 30 days will be automatically deleted. 
[debug] [2025-12-19T09:52:00.564Z] Setting up artifact cleanup policy for region us-central1
[debug] [2025-12-19T09:52:00.565Z] Checked if tokens are valid: true, expires at: 1766141201806
[debug] [2025-12-19T09:52:00.566Z] Checked if tokens are valid: true, expires at: 1766141201806
[debug] [2025-12-19T09:52:00.566Z] >>> [apiv2][query] PATCH https://artifactregistry.googleapis.com/v1/projects/panda-talent-marketplace/locations/us-central1/repositories/gcf-artifacts updateMask=name%2CcleanupPolicies%2CcleanupPolicyDryRun%2Clabels
[debug] [2025-12-19T09:52:00.566Z] >>> [apiv2][body] PATCH https://artifactregistry.googleapis.com/v1/projects/panda-talent-marketplace/locations/us-central1/repositories/gcf-artifacts {"name":"projects/panda-talent-marketplace/locations/us-central1/repositories/gcf-artifacts","cleanupPolicies":{"firebase-functions-cleanup":{"id":"firebase-functions-cleanup","condition":{"tagState":"ANY","olderThan":"2592000s"},"action":"DELETE"}},"cleanupPolicyDryRun":false,"labels":{"goog-managed-by":"cloudfunctions"}}
[debug] [2025-12-19T09:52:01.826Z] <<< [apiv2][status] PATCH https://artifactregistry.googleapis.com/v1/projects/panda-talent-marketplace/locations/us-central1/repositories/gcf-artifacts 200
[debug] [2025-12-19T09:52:01.827Z] <<< [apiv2][body] PATCH https://artifactregistry.googleapis.com/v1/projects/panda-talent-marketplace/locations/us-central1/repositories/gcf-artifacts {"name":"projects/panda-talent-marketplace/locations/us-central1/repositories/gcf-artifacts","format":"DOCKER","description":"This repository is created and used by Cloud Functions for storing function docker images.","labels":{"goog-managed-by":"cloudfunctions"},"createTime":"2025-12-19T09:48:40.642132Z","updateTime":"2025-12-19T09:52:01.622950Z","mode":"STANDARD_REPOSITORY","cleanupPolicies":{"firebase-functions-cleanup":{"id":"firebase-functions-cleanup","action":"DELETE","condition":{"tagState":"ANY","olderThan":"2592000s"}}},"vulnerabilityScanningConfig":{"lastEnableTime":"2025-12-19T09:48:32.509584276Z","enablementState":"SCANNING_DISABLED","enablementStateReason":"API containerscanning.googleapis.com is not enabled."},"satisfiesPzi":true}
[info] i  functions: Configured cleanup policy for repository in us-central1. 
[info] 
[info] +  Deploy complete! 
[info] 
[info] Project Console: https://console.firebase.google.com/project/panda-talent-marketplace/overview
